2023-10-24 18:07:42,910 [Worker-2: Loading available Gradle versions] INFO  o.e.b.c.i.u.g.PublishedGradleVersions - Gradle version information cache is up-to-date. Trying to read.
2023-10-24 18:10:04,852 [Worker-21: Launching mavenrun-e5490d39-b9a3-4437-8d32-a186db0897b0] INFO  o.eclipse.m2e.core.internal.Bundles - getClasspathEntries(Bundle=org.eclipse.m2e.maven.runtime_3.9.400.20230826-0755 [621])
2023-10-24 18:10:04,862 [Worker-21: Launching mavenrun-e5490d39-b9a3-4437-8d32-a186db0897b0] INFO  o.eclipse.m2e.core.internal.Bundles - 	Entry: C:\Users\Neral\.p2\pool\plugins\org.eclipse.m2e.maven.runtime_3.9.400.20230826-0755
2023-10-24 18:10:04,862 [Worker-21: Launching mavenrun-e5490d39-b9a3-4437-8d32-a186db0897b0] INFO  o.eclipse.m2e.core.internal.Bundles - 	Entry: C:\Users\neral\.p2\pool\plugins\org.eclipse.m2e.maven.runtime_3.9.400.20230826-0755\jars\aether-connector-okhttp-0.17.8.jar
2023-10-24 18:10:04,862 [Worker-21: Launching mavenrun-e5490d39-b9a3-4437-8d32-a186db0897b0] INFO  o.eclipse.m2e.core.internal.Bundles - 	Entry: C:\Users\neral\.p2\pool\plugins\org.eclipse.m2e.maven.runtime_3.9.400.20230826-0755\jars\aopalliance-1.0.jar
2023-10-24 18:10:04,862 [Worker-21: Launching mavenrun-e5490d39-b9a3-4437-8d32-a186db0897b0] INFO  o.eclipse.m2e.core.internal.Bundles - 	Entry: C:\Users\neral\.p2\pool\plugins\org.eclipse.m2e.maven.runtime_3.9.400.20230826-0755\jars\commons-lang3-3.12.0.jar
2023-10-24 18:10:04,863 [Worker-21: Launching mavenrun-e5490d39-b9a3-4437-8d32-a186db0897b0] INFO  o.eclipse.m2e.core.internal.Bundles - 	Entry: C:\Users\neral\.p2\pool\plugins\org.eclipse.m2e.maven.runtime_3.9.400.20230826-0755\jars\guice-5.1.0.jar
2023-10-24 18:10:04,863 [Worker-21: Launching mavenrun-e5490d39-b9a3-4437-8d32-a186db0897b0] INFO  o.eclipse.m2e.core.internal.Bundles - 	Entry: C:\Users\neral\.p2\pool\plugins\org.eclipse.m2e.maven.runtime_3.9.400.20230826-0755\jars\jansi-2.4.0.jar
2023-10-24 18:10:04,863 [Worker-21: Launching mavenrun-e5490d39-b9a3-4437-8d32-a186db0897b0] INFO  o.eclipse.m2e.core.internal.Bundles - 	Entry: C:\Users\neral\.p2\pool\plugins\org.eclipse.m2e.maven.runtime_3.9.400.20230826-0755\jars\maven-artifact-3.9.4.jar
2023-10-24 18:10:04,863 [Worker-21: Launching mavenrun-e5490d39-b9a3-4437-8d32-a186db0897b0] INFO  o.eclipse.m2e.core.internal.Bundles - 	Entry: C:\Users\neral\.p2\pool\plugins\org.eclipse.m2e.maven.runtime_3.9.400.20230826-0755\jars\maven-builder-support-3.9.4.jar
2023-10-24 18:10:04,863 [Worker-21: Launching mavenrun-e5490d39-b9a3-4437-8d32-a186db0897b0] INFO  o.eclipse.m2e.core.internal.Bundles - 	Entry: C:\Users\neral\.p2\pool\plugins\org.eclipse.m2e.maven.runtime_3.9.400.20230826-0755\jars\maven-compat-3.9.4.jar
2023-10-24 18:10:04,863 [Worker-21: Launching mavenrun-e5490d39-b9a3-4437-8d32-a186db0897b0] INFO  o.eclipse.m2e.core.internal.Bundles - 	Entry: C:\Users\neral\.p2\pool\plugins\org.eclipse.m2e.maven.runtime_3.9.400.20230826-0755\jars\maven-core-3.9.4.jar
2023-10-24 18:10:04,863 [Worker-21: Launching mavenrun-e5490d39-b9a3-4437-8d32-a186db0897b0] INFO  o.eclipse.m2e.core.internal.Bundles - 	Entry: C:\Users\neral\.p2\pool\plugins\org.eclipse.m2e.maven.runtime_3.9.400.20230826-0755\jars\maven-embedder-3.9.4.jar
2023-10-24 18:10:04,864 [Worker-21: Launching mavenrun-e5490d39-b9a3-4437-8d32-a186db0897b0] INFO  o.eclipse.m2e.core.internal.Bundles - 	Entry: C:\Users\neral\.p2\pool\plugins\org.eclipse.m2e.maven.runtime_3.9.400.20230826-0755\jars\maven-model-3.9.4.jar
2023-10-24 18:10:04,864 [Worker-21: Launching mavenrun-e5490d39-b9a3-4437-8d32-a186db0897b0] INFO  o.eclipse.m2e.core.internal.Bundles - 	Entry: C:\Users\neral\.p2\pool\plugins\org.eclipse.m2e.maven.runtime_3.9.400.20230826-0755\jars\maven-model-builder-3.9.4.jar
2023-10-24 18:10:04,864 [Worker-21: Launching mavenrun-e5490d39-b9a3-4437-8d32-a186db0897b0] INFO  o.eclipse.m2e.core.internal.Bundles - 	Entry: C:\Users\neral\.p2\pool\plugins\org.eclipse.m2e.maven.runtime_3.9.400.20230826-0755\jars\maven-plugin-api-3.9.4.jar
2023-10-24 18:10:04,864 [Worker-21: Launching mavenrun-e5490d39-b9a3-4437-8d32-a186db0897b0] INFO  o.eclipse.m2e.core.internal.Bundles - 	Entry: C:\Users\neral\.p2\pool\plugins\org.eclipse.m2e.maven.runtime_3.9.400.20230826-0755\jars\maven-repository-metadata-3.9.4.jar
2023-10-24 18:10:04,864 [Worker-21: Launching mavenrun-e5490d39-b9a3-4437-8d32-a186db0897b0] INFO  o.eclipse.m2e.core.internal.Bundles - 	Entry: C:\Users\neral\.p2\pool\plugins\org.eclipse.m2e.maven.runtime_3.9.400.20230826-0755\jars\maven-resolver-api-1.9.14.jar
2023-10-24 18:10:04,865 [Worker-21: Launching mavenrun-e5490d39-b9a3-4437-8d32-a186db0897b0] INFO  o.eclipse.m2e.core.internal.Bundles - 	Entry: C:\Users\neral\.p2\pool\plugins\org.eclipse.m2e.maven.runtime_3.9.400.20230826-0755\jars\maven-resolver-connector-basic-1.9.14.jar
2023-10-24 18:10:04,865 [Worker-21: Launching mavenrun-e5490d39-b9a3-4437-8d32-a186db0897b0] INFO  o.eclipse.m2e.core.internal.Bundles - 	Entry: C:\Users\neral\.p2\pool\plugins\org.eclipse.m2e.maven.runtime_3.9.400.20230826-0755\jars\maven-resolver-impl-1.9.14.jar
2023-10-24 18:10:04,865 [Worker-21: Launching mavenrun-e5490d39-b9a3-4437-8d32-a186db0897b0] INFO  o.eclipse.m2e.core.internal.Bundles - 	Entry: C:\Users\neral\.p2\pool\plugins\org.eclipse.m2e.maven.runtime_3.9.400.20230826-0755\jars\maven-resolver-named-locks-1.9.14.jar
2023-10-24 18:10:04,865 [Worker-21: Launching mavenrun-e5490d39-b9a3-4437-8d32-a186db0897b0] INFO  o.eclipse.m2e.core.internal.Bundles - 	Entry: C:\Users\neral\.p2\pool\plugins\org.eclipse.m2e.maven.runtime_3.9.400.20230826-0755\jars\maven-resolver-provider-3.9.4.jar
2023-10-24 18:10:04,865 [Worker-21: Launching mavenrun-e5490d39-b9a3-4437-8d32-a186db0897b0] INFO  o.eclipse.m2e.core.internal.Bundles - 	Entry: C:\Users\neral\.p2\pool\plugins\org.eclipse.m2e.maven.runtime_3.9.400.20230826-0755\jars\maven-resolver-spi-1.9.14.jar
2023-10-24 18:10:04,865 [Worker-21: Launching mavenrun-e5490d39-b9a3-4437-8d32-a186db0897b0] INFO  o.eclipse.m2e.core.internal.Bundles - 	Entry: C:\Users\neral\.p2\pool\plugins\org.eclipse.m2e.maven.runtime_3.9.400.20230826-0755\jars\maven-resolver-transport-wagon-1.9.14.jar
2023-10-24 18:10:04,865 [Worker-21: Launching mavenrun-e5490d39-b9a3-4437-8d32-a186db0897b0] INFO  o.eclipse.m2e.core.internal.Bundles - 	Entry: C:\Users\neral\.p2\pool\plugins\org.eclipse.m2e.maven.runtime_3.9.400.20230826-0755\jars\maven-resolver-util-1.9.14.jar
2023-10-24 18:10:04,865 [Worker-21: Launching mavenrun-e5490d39-b9a3-4437-8d32-a186db0897b0] INFO  o.eclipse.m2e.core.internal.Bundles - 	Entry: C:\Users\neral\.p2\pool\plugins\org.eclipse.m2e.maven.runtime_3.9.400.20230826-0755\jars\maven-settings-3.9.4.jar
2023-10-24 18:10:04,866 [Worker-21: Launching mavenrun-e5490d39-b9a3-4437-8d32-a186db0897b0] INFO  o.eclipse.m2e.core.internal.Bundles - 	Entry: C:\Users\neral\.p2\pool\plugins\org.eclipse.m2e.maven.runtime_3.9.400.20230826-0755\jars\maven-settings-builder-3.9.4.jar
2023-10-24 18:10:04,866 [Worker-21: Launching mavenrun-e5490d39-b9a3-4437-8d32-a186db0897b0] INFO  o.eclipse.m2e.core.internal.Bundles - 	Entry: C:\Users\neral\.p2\pool\plugins\org.eclipse.m2e.maven.runtime_3.9.400.20230826-0755\jars\maven-shared-utils-3.3.4.jar
2023-10-24 18:10:04,866 [Worker-21: Launching mavenrun-e5490d39-b9a3-4437-8d32-a186db0897b0] INFO  o.eclipse.m2e.core.internal.Bundles - 	Entry: C:\Users\neral\.p2\pool\plugins\org.eclipse.m2e.maven.runtime_3.9.400.20230826-0755\jars\okhttp-3.14.1.jar
2023-10-24 18:10:04,866 [Worker-21: Launching mavenrun-e5490d39-b9a3-4437-8d32-a186db0897b0] INFO  o.eclipse.m2e.core.internal.Bundles - 	Entry: C:\Users\neral\.p2\pool\plugins\org.eclipse.m2e.maven.runtime_3.9.400.20230826-0755\jars\okio-1.17.3.jar
2023-10-24 18:10:04,866 [Worker-21: Launching mavenrun-e5490d39-b9a3-4437-8d32-a186db0897b0] INFO  o.eclipse.m2e.core.internal.Bundles - 	Entry: C:\Users\neral\.p2\pool\plugins\org.eclipse.m2e.maven.runtime_3.9.400.20230826-0755\jars\org.eclipse.sisu.inject-0.3.5.jar
2023-10-24 18:10:04,866 [Worker-21: Launching mavenrun-e5490d39-b9a3-4437-8d32-a186db0897b0] INFO  o.eclipse.m2e.core.internal.Bundles - 	Entry: C:\Users\neral\.p2\pool\plugins\org.eclipse.m2e.maven.runtime_3.9.400.20230826-0755\jars\org.eclipse.sisu.plexus-0.3.5.jar
2023-10-24 18:10:04,866 [Worker-21: Launching mavenrun-e5490d39-b9a3-4437-8d32-a186db0897b0] INFO  o.eclipse.m2e.core.internal.Bundles - 	Entry: C:\Users\neral\.p2\pool\plugins\org.eclipse.m2e.maven.runtime_3.9.400.20230826-0755\jars\plexus-build-api-0.0.7.jar
2023-10-24 18:10:04,867 [Worker-21: Launching mavenrun-e5490d39-b9a3-4437-8d32-a186db0897b0] INFO  o.eclipse.m2e.core.internal.Bundles - 	Entry: C:\Users\neral\.p2\pool\plugins\org.eclipse.m2e.maven.runtime_3.9.400.20230826-0755\jars\plexus-cipher-2.0.jar
2023-10-24 18:10:04,867 [Worker-21: Launching mavenrun-e5490d39-b9a3-4437-8d32-a186db0897b0] INFO  o.eclipse.m2e.core.internal.Bundles - 	Entry: C:\Users\neral\.p2\pool\plugins\org.eclipse.m2e.maven.runtime_3.9.400.20230826-0755\jars\plexus-classworlds-2.7.0.jar
2023-10-24 18:10:04,867 [Worker-21: Launching mavenrun-e5490d39-b9a3-4437-8d32-a186db0897b0] INFO  o.eclipse.m2e.core.internal.Bundles - 	Entry: C:\Users\neral\.p2\pool\plugins\org.eclipse.m2e.maven.runtime_3.9.400.20230826-0755\jars\plexus-component-annotations-2.1.0.jar
2023-10-24 18:10:04,867 [Worker-21: Launching mavenrun-e5490d39-b9a3-4437-8d32-a186db0897b0] INFO  o.eclipse.m2e.core.internal.Bundles - 	Entry: C:\Users\neral\.p2\pool\plugins\org.eclipse.m2e.maven.runtime_3.9.400.20230826-0755\jars\plexus-interpolation-1.26.jar
2023-10-24 18:10:04,868 [Worker-21: Launching mavenrun-e5490d39-b9a3-4437-8d32-a186db0897b0] INFO  o.eclipse.m2e.core.internal.Bundles - 	Entry: C:\Users\neral\.p2\pool\plugins\org.eclipse.m2e.maven.runtime_3.9.400.20230826-0755\jars\plexus-sec-dispatcher-2.0.jar
2023-10-24 18:10:04,868 [Worker-21: Launching mavenrun-e5490d39-b9a3-4437-8d32-a186db0897b0] INFO  o.eclipse.m2e.core.internal.Bundles - 	Entry: C:\Users\neral\.p2\pool\plugins\org.eclipse.m2e.maven.runtime_3.9.400.20230826-0755\jars\plexus-utils-3.5.1.jar
2023-10-24 18:10:04,868 [Worker-21: Launching mavenrun-e5490d39-b9a3-4437-8d32-a186db0897b0] INFO  o.eclipse.m2e.core.internal.Bundles - 	Entry: C:\Users\neral\.p2\pool\plugins\org.eclipse.m2e.maven.runtime_3.9.400.20230826-0755\jars\wagon-file-3.5.3.jar
2023-10-24 18:10:04,868 [Worker-21: Launching mavenrun-e5490d39-b9a3-4437-8d32-a186db0897b0] INFO  o.eclipse.m2e.core.internal.Bundles - 	Entry: C:\Users\neral\.p2\pool\plugins\org.eclipse.m2e.maven.runtime_3.9.400.20230826-0755\jars\wagon-provider-api-3.5.3.jar
2023-10-24 18:10:04,873 [Worker-21: Launching mavenrun-e5490d39-b9a3-4437-8d32-a186db0897b0] INFO  o.eclipse.m2e.core.internal.Bundles - getClasspathEntries(Bundle=com.google.guava_32.1.2.jre [12])
2023-10-24 18:10:04,874 [Worker-21: Launching mavenrun-e5490d39-b9a3-4437-8d32-a186db0897b0] INFO  o.eclipse.m2e.core.internal.Bundles - 	Entry: C:\Users\Neral\.p2\pool\plugins\com.google.guava_32.1.2.jre.jar
2023-10-24 18:10:04,874 [Worker-21: Launching mavenrun-e5490d39-b9a3-4437-8d32-a186db0897b0] INFO  o.eclipse.m2e.core.internal.Bundles - getClasspathEntries(Bundle=slf4j.api_2.0.9 [982])
2023-10-24 18:10:04,874 [Worker-21: Launching mavenrun-e5490d39-b9a3-4437-8d32-a186db0897b0] INFO  o.eclipse.m2e.core.internal.Bundles - 	Entry: C:\Users\Neral\.p2\pool\plugins\slf4j.api_2.0.9.jar
2023-10-24 18:10:04,874 [Worker-21: Launching mavenrun-e5490d39-b9a3-4437-8d32-a186db0897b0] INFO  o.eclipse.m2e.core.internal.Bundles - getClasspathEntries(Bundle=javax.inject_1.0.0.v20220405-0441 [38])
2023-10-24 18:10:04,875 [Worker-21: Launching mavenrun-e5490d39-b9a3-4437-8d32-a186db0897b0] INFO  o.eclipse.m2e.core.internal.Bundles - 	Entry: C:\Users\Neral\.p2\pool\plugins\javax.inject_1.0.0.v20220405-0441.jar
2023-10-24 18:10:04,875 [Worker-21: Launching mavenrun-e5490d39-b9a3-4437-8d32-a186db0897b0] INFO  o.eclipse.m2e.core.internal.Bundles - getClasspathEntries(Bundle=javax.annotation_1.3.5.v20200909-1856 [36])
2023-10-24 18:10:04,875 [Worker-21: Launching mavenrun-e5490d39-b9a3-4437-8d32-a186db0897b0] INFO  o.eclipse.m2e.core.internal.Bundles - 	Entry: C:\Users\Neral\.p2\pool\plugins\javax.annotation_1.3.5.v20200909-1856.jar
2023-10-24 18:10:04,875 [Worker-21: Launching mavenrun-e5490d39-b9a3-4437-8d32-a186db0897b0] INFO  o.eclipse.m2e.core.internal.Bundles - getClasspathEntries(Bundle=org.apache.commons.cli_1.5.0 [73])
2023-10-24 18:10:04,875 [Worker-21: Launching mavenrun-e5490d39-b9a3-4437-8d32-a186db0897b0] INFO  o.eclipse.m2e.core.internal.Bundles - 	Entry: C:\Users\Neral\.p2\pool\plugins\org.apache.commons.cli_1.5.0.jar
2023-10-24 18:10:04,875 [Worker-21: Launching mavenrun-e5490d39-b9a3-4437-8d32-a186db0897b0] INFO  o.eclipse.m2e.core.internal.Bundles - getClasspathEntries(Bundle=com.google.guava.failureaccess_1.0.1 [14])
2023-10-24 18:10:04,876 [Worker-21: Launching mavenrun-e5490d39-b9a3-4437-8d32-a186db0897b0] INFO  o.eclipse.m2e.core.internal.Bundles - 	Entry: C:\Users\Neral\.p2\pool\plugins\com.google.guava.failureaccess_1.0.1.jar
2023-10-24 18:10:04,883 [Worker-21: Launching mavenrun-e5490d39-b9a3-4437-8d32-a186db0897b0] INFO  o.e.m.i.launch.MavenLaunchDelegate - Run build in "C:\Users\Neral\AppData\Local\Temp\m2e-archetypeGenerator15461842528702196983":
2023-10-24 18:10:04,892 [Worker-21: Launching mavenrun-e5490d39-b9a3-4437-8d32-a186db0897b0] INFO  o.e.m.i.launch.MavenLaunchDelegate -  mvn  -DarchetypeGroupId=org.apache.maven.archetypes -DarchetypeArtifactId=maven-archetype-webapp -DarchetypeVersion=1.0 -DgroupId=com.suchiit -DartifactId=SecondWeb1 -Dversion=0.0.1-SNAPSHOT -Dpackage=com.suchiit.SecondWeb1 -DoutputDirectory=C:\Users\Neral\eclipse-workspace2\eclipse-workspace -Dstyle.color=always -U archetype:generate
2023-10-24 18:10:16,082 [Worker-15: Creating maven-archetype-webapp] INFO  o.e.m.c.i.p.ProjectConfigurationManager - Collecting project info '/pom.xml' C:\Users\Neral\eclipse-workspace2\eclipse-workspace\SecondWeb1\pom.xml
2023-10-24 18:10:16,533 [Worker-15: Creating maven-archetype-webapp] INFO  o.e.m.c.i.l.LifecycleMappingFactory - Using org.maven.ide.eclipse.wtp.WarLifecycleMapping lifecycle mapping for MavenProject: com.suchiit:SecondWeb1:0.0.1-SNAPSHOT @ C:\Users\Neral\eclipse-workspace2\eclipse-workspace\SecondWeb1\pom.xml.
2023-10-24 18:10:17,360 [Worker-15: Creating maven-archetype-webapp] INFO  o.e.m.j.i.AbstractJavaProjectConfigurator - Adding source folder /SecondWeb1/src/main/java
2023-10-24 18:10:17,360 [Worker-15: Creating maven-archetype-webapp] INFO  o.e.m.j.i.AbstractJavaProjectConfigurator - Adding resource folder /SecondWeb1/src/main/resources
2023-10-24 18:10:17,361 [Worker-15: Creating maven-archetype-webapp] INFO  o.e.m.j.i.AbstractJavaProjectConfigurator - Adding source folder /SecondWeb1/src/test/java
2023-10-24 18:10:17,361 [Worker-15: Creating maven-archetype-webapp] INFO  o.e.m.j.i.AbstractJavaProjectConfigurator - Adding resource folder /SecondWeb1/src/test/resources
2023-10-24 18:10:19,193 [Worker-15: Creating maven-archetype-webapp] INFO  o.e.m.c.i.p.ProjectConfigurationManager - Imported and configured 1 project(s) in 3 sec
2023-10-24 18:42:15,300 [Worker-39: Cleaning all projects] INFO  o.e.m.w.i.f.ResourceFilteringBuildParticipant - Cleaning filtered folder for SecondWeb1
2023-10-24 18:42:17,156 [Worker-40: Building Workspace] WARN  o.a.m.s.f.DefaultMavenResourcesFiltering - Using platform encoding (UTF-8 actually) to copy filtered resources, i.e. build is platform dependent!
2023-10-24 18:42:17,165 [Worker-40: Building Workspace] INFO  o.a.m.s.f.DefaultMavenResourcesFiltering - Copying 0 resource from src\main\resources to target\classes
2023-10-24 18:42:17,171 [Worker-40: Building Workspace] WARN  o.a.m.s.f.DefaultMavenResourcesFiltering - Using platform encoding (UTF-8 actually) to copy filtered resources, i.e. build is platform dependent!
2023-10-24 18:42:17,172 [Worker-40: Building Workspace] INFO  o.a.m.s.f.DefaultMavenResourcesFiltering - skip non existing resourceDirectory C:\Users\Neral\eclipse-workspace2\eclipse-workspace\SecondWeb1\src\test\resources
2023-10-24 18:42:17,172 [Worker-40: Building Workspace] INFO  o.e.m.w.i.f.ResourceFilteringBuildParticipant - Changed resources require a complete clean of filtered resources of SecondWeb1
2023-10-24 18:42:17,173 [Worker-40: Building Workspace] INFO  o.e.m.w.i.f.ResourceFilteringBuildParticipant - Executing resource filtering for SecondWeb1
2023-10-24 18:52:50,177 [Worker-54: Launching Executing install in C__Users_Neral_eclipse-workspace2_eclipse-workspace_SecondWeb1] INFO  o.eclipse.m2e.core.internal.Bundles - getClasspathEntries(Bundle=org.eclipse.m2e.maven.runtime_3.9.400.20230826-0755 [621])
2023-10-24 18:52:50,177 [Worker-54: Launching Executing install in C__Users_Neral_eclipse-workspace2_eclipse-workspace_SecondWeb1] INFO  o.eclipse.m2e.core.internal.Bundles - 	Entry: C:\Users\Neral\.p2\pool\plugins\org.eclipse.m2e.maven.runtime_3.9.400.20230826-0755
2023-10-24 18:52:50,178 [Worker-54: Launching Executing install in C__Users_Neral_eclipse-workspace2_eclipse-workspace_SecondWeb1] INFO  o.eclipse.m2e.core.internal.Bundles - 	Entry: C:\Users\neral\.p2\pool\plugins\org.eclipse.m2e.maven.runtime_3.9.400.20230826-0755\jars\aether-connector-okhttp-0.17.8.jar
2023-10-24 18:52:50,178 [Worker-54: Launching Executing install in C__Users_Neral_eclipse-workspace2_eclipse-workspace_SecondWeb1] INFO  o.eclipse.m2e.core.internal.Bundles - 	Entry: C:\Users\neral\.p2\pool\plugins\org.eclipse.m2e.maven.runtime_3.9.400.20230826-0755\jars\aopalliance-1.0.jar
2023-10-24 18:52:50,178 [Worker-54: Launching Executing install in C__Users_Neral_eclipse-workspace2_eclipse-workspace_SecondWeb1] INFO  o.eclipse.m2e.core.internal.Bundles - 	Entry: C:\Users\neral\.p2\pool\plugins\org.eclipse.m2e.maven.runtime_3.9.400.20230826-0755\jars\commons-lang3-3.12.0.jar
2023-10-24 18:52:50,178 [Worker-54: Launching Executing install in C__Users_Neral_eclipse-workspace2_eclipse-workspace_SecondWeb1] INFO  o.eclipse.m2e.core.internal.Bundles - 	Entry: C:\Users\neral\.p2\pool\plugins\org.eclipse.m2e.maven.runtime_3.9.400.20230826-0755\jars\guice-5.1.0.jar
2023-10-24 18:52:50,178 [Worker-54: Launching Executing install in C__Users_Neral_eclipse-workspace2_eclipse-workspace_SecondWeb1] INFO  o.eclipse.m2e.core.internal.Bundles - 	Entry: C:\Users\neral\.p2\pool\plugins\org.eclipse.m2e.maven.runtime_3.9.400.20230826-0755\jars\jansi-2.4.0.jar
2023-10-24 18:52:50,178 [Worker-54: Launching Executing install in C__Users_Neral_eclipse-workspace2_eclipse-workspace_SecondWeb1] INFO  o.eclipse.m2e.core.internal.Bundles - 	Entry: C:\Users\neral\.p2\pool\plugins\org.eclipse.m2e.maven.runtime_3.9.400.20230826-0755\jars\maven-artifact-3.9.4.jar
2023-10-24 18:52:50,178 [Worker-54: Launching Executing install in C__Users_Neral_eclipse-workspace2_eclipse-workspace_SecondWeb1] INFO  o.eclipse.m2e.core.internal.Bundles - 	Entry: C:\Users\neral\.p2\pool\plugins\org.eclipse.m2e.maven.runtime_3.9.400.20230826-0755\jars\maven-builder-support-3.9.4.jar
2023-10-24 18:52:50,178 [Worker-54: Launching Executing install in C__Users_Neral_eclipse-workspace2_eclipse-workspace_SecondWeb1] INFO  o.eclipse.m2e.core.internal.Bundles - 	Entry: C:\Users\neral\.p2\pool\plugins\org.eclipse.m2e.maven.runtime_3.9.400.20230826-0755\jars\maven-compat-3.9.4.jar
2023-10-24 18:52:50,179 [Worker-54: Launching Executing install in C__Users_Neral_eclipse-workspace2_eclipse-workspace_SecondWeb1] INFO  o.eclipse.m2e.core.internal.Bundles - 	Entry: C:\Users\neral\.p2\pool\plugins\org.eclipse.m2e.maven.runtime_3.9.400.20230826-0755\jars\maven-core-3.9.4.jar
2023-10-24 18:52:50,179 [Worker-54: Launching Executing install in C__Users_Neral_eclipse-workspace2_eclipse-workspace_SecondWeb1] INFO  o.eclipse.m2e.core.internal.Bundles - 	Entry: C:\Users\neral\.p2\pool\plugins\org.eclipse.m2e.maven.runtime_3.9.400.20230826-0755\jars\maven-embedder-3.9.4.jar
2023-10-24 18:52:50,179 [Worker-54: Launching Executing install in C__Users_Neral_eclipse-workspace2_eclipse-workspace_SecondWeb1] INFO  o.eclipse.m2e.core.internal.Bundles - 	Entry: C:\Users\neral\.p2\pool\plugins\org.eclipse.m2e.maven.runtime_3.9.400.20230826-0755\jars\maven-model-3.9.4.jar
2023-10-24 18:52:50,179 [Worker-54: Launching Executing install in C__Users_Neral_eclipse-workspace2_eclipse-workspace_SecondWeb1] INFO  o.eclipse.m2e.core.internal.Bundles - 	Entry: C:\Users\neral\.p2\pool\plugins\org.eclipse.m2e.maven.runtime_3.9.400.20230826-0755\jars\maven-model-builder-3.9.4.jar
2023-10-24 18:52:50,179 [Worker-54: Launching Executing install in C__Users_Neral_eclipse-workspace2_eclipse-workspace_SecondWeb1] INFO  o.eclipse.m2e.core.internal.Bundles - 	Entry: C:\Users\neral\.p2\pool\plugins\org.eclipse.m2e.maven.runtime_3.9.400.20230826-0755\jars\maven-plugin-api-3.9.4.jar
2023-10-24 18:52:50,179 [Worker-54: Launching Executing install in C__Users_Neral_eclipse-workspace2_eclipse-workspace_SecondWeb1] INFO  o.eclipse.m2e.core.internal.Bundles - 	Entry: C:\Users\neral\.p2\pool\plugins\org.eclipse.m2e.maven.runtime_3.9.400.20230826-0755\jars\maven-repository-metadata-3.9.4.jar
2023-10-24 18:52:50,179 [Worker-54: Launching Executing install in C__Users_Neral_eclipse-workspace2_eclipse-workspace_SecondWeb1] INFO  o.eclipse.m2e.core.internal.Bundles - 	Entry: C:\Users\neral\.p2\pool\plugins\org.eclipse.m2e.maven.runtime_3.9.400.20230826-0755\jars\maven-resolver-api-1.9.14.jar
2023-10-24 18:52:50,179 [Worker-54: Launching Executing install in C__Users_Neral_eclipse-workspace2_eclipse-workspace_SecondWeb1] INFO  o.eclipse.m2e.core.internal.Bundles - 	Entry: C:\Users\neral\.p2\pool\plugins\org.eclipse.m2e.maven.runtime_3.9.400.20230826-0755\jars\maven-resolver-connector-basic-1.9.14.jar
2023-10-24 18:52:50,179 [Worker-54: Launching Executing install in C__Users_Neral_eclipse-workspace2_eclipse-workspace_SecondWeb1] INFO  o.eclipse.m2e.core.internal.Bundles - 	Entry: C:\Users\neral\.p2\pool\plugins\org.eclipse.m2e.maven.runtime_3.9.400.20230826-0755\jars\maven-resolver-impl-1.9.14.jar
2023-10-24 18:52:50,180 [Worker-54: Launching Executing install in C__Users_Neral_eclipse-workspace2_eclipse-workspace_SecondWeb1] INFO  o.eclipse.m2e.core.internal.Bundles - 	Entry: C:\Users\neral\.p2\pool\plugins\org.eclipse.m2e.maven.runtime_3.9.400.20230826-0755\jars\maven-resolver-named-locks-1.9.14.jar
2023-10-24 18:52:50,180 [Worker-54: Launching Executing install in C__Users_Neral_eclipse-workspace2_eclipse-workspace_SecondWeb1] INFO  o.eclipse.m2e.core.internal.Bundles - 	Entry: C:\Users\neral\.p2\pool\plugins\org.eclipse.m2e.maven.runtime_3.9.400.20230826-0755\jars\maven-resolver-provider-3.9.4.jar
2023-10-24 18:52:50,180 [Worker-54: Launching Executing install in C__Users_Neral_eclipse-workspace2_eclipse-workspace_SecondWeb1] INFO  o.eclipse.m2e.core.internal.Bundles - 	Entry: C:\Users\neral\.p2\pool\plugins\org.eclipse.m2e.maven.runtime_3.9.400.20230826-0755\jars\maven-resolver-spi-1.9.14.jar
2023-10-24 18:52:50,180 [Worker-54: Launching Executing install in C__Users_Neral_eclipse-workspace2_eclipse-workspace_SecondWeb1] INFO  o.eclipse.m2e.core.internal.Bundles - 	Entry: C:\Users\neral\.p2\pool\plugins\org.eclipse.m2e.maven.runtime_3.9.400.20230826-0755\jars\maven-resolver-transport-wagon-1.9.14.jar
2023-10-24 18:52:50,180 [Worker-54: Launching Executing install in C__Users_Neral_eclipse-workspace2_eclipse-workspace_SecondWeb1] INFO  o.eclipse.m2e.core.internal.Bundles - 	Entry: C:\Users\neral\.p2\pool\plugins\org.eclipse.m2e.maven.runtime_3.9.400.20230826-0755\jars\maven-resolver-util-1.9.14.jar
2023-10-24 18:52:50,180 [Worker-54: Launching Executing install in C__Users_Neral_eclipse-workspace2_eclipse-workspace_SecondWeb1] INFO  o.eclipse.m2e.core.internal.Bundles - 	Entry: C:\Users\neral\.p2\pool\plugins\org.eclipse.m2e.maven.runtime_3.9.400.20230826-0755\jars\maven-settings-3.9.4.jar
2023-10-24 18:52:50,180 [Worker-54: Launching Executing install in C__Users_Neral_eclipse-workspace2_eclipse-workspace_SecondWeb1] INFO  o.eclipse.m2e.core.internal.Bundles - 	Entry: C:\Users\neral\.p2\pool\plugins\org.eclipse.m2e.maven.runtime_3.9.400.20230826-0755\jars\maven-settings-builder-3.9.4.jar
2023-10-24 18:52:50,180 [Worker-54: Launching Executing install in C__Users_Neral_eclipse-workspace2_eclipse-workspace_SecondWeb1] INFO  o.eclipse.m2e.core.internal.Bundles - 	Entry: C:\Users\neral\.p2\pool\plugins\org.eclipse.m2e.maven.runtime_3.9.400.20230826-0755\jars\maven-shared-utils-3.3.4.jar
2023-10-24 18:52:50,180 [Worker-54: Launching Executing install in C__Users_Neral_eclipse-workspace2_eclipse-workspace_SecondWeb1] INFO  o.eclipse.m2e.core.internal.Bundles - 	Entry: C:\Users\neral\.p2\pool\plugins\org.eclipse.m2e.maven.runtime_3.9.400.20230826-0755\jars\okhttp-3.14.1.jar
2023-10-24 18:52:50,181 [Worker-54: Launching Executing install in C__Users_Neral_eclipse-workspace2_eclipse-workspace_SecondWeb1] INFO  o.eclipse.m2e.core.internal.Bundles - 	Entry: C:\Users\neral\.p2\pool\plugins\org.eclipse.m2e.maven.runtime_3.9.400.20230826-0755\jars\okio-1.17.3.jar
2023-10-24 18:52:50,181 [Worker-54: Launching Executing install in C__Users_Neral_eclipse-workspace2_eclipse-workspace_SecondWeb1] INFO  o.eclipse.m2e.core.internal.Bundles - 	Entry: C:\Users\neral\.p2\pool\plugins\org.eclipse.m2e.maven.runtime_3.9.400.20230826-0755\jars\org.eclipse.sisu.inject-0.3.5.jar
2023-10-24 18:52:50,181 [Worker-54: Launching Executing install in C__Users_Neral_eclipse-workspace2_eclipse-workspace_SecondWeb1] INFO  o.eclipse.m2e.core.internal.Bundles - 	Entry: C:\Users\neral\.p2\pool\plugins\org.eclipse.m2e.maven.runtime_3.9.400.20230826-0755\jars\org.eclipse.sisu.plexus-0.3.5.jar
2023-10-24 18:52:50,181 [Worker-54: Launching Executing install in C__Users_Neral_eclipse-workspace2_eclipse-workspace_SecondWeb1] INFO  o.eclipse.m2e.core.internal.Bundles - 	Entry: C:\Users\neral\.p2\pool\plugins\org.eclipse.m2e.maven.runtime_3.9.400.20230826-0755\jars\plexus-build-api-0.0.7.jar
2023-10-24 18:52:50,181 [Worker-54: Launching Executing install in C__Users_Neral_eclipse-workspace2_eclipse-workspace_SecondWeb1] INFO  o.eclipse.m2e.core.internal.Bundles - 	Entry: C:\Users\neral\.p2\pool\plugins\org.eclipse.m2e.maven.runtime_3.9.400.20230826-0755\jars\plexus-cipher-2.0.jar
2023-10-24 18:52:50,181 [Worker-54: Launching Executing install in C__Users_Neral_eclipse-workspace2_eclipse-workspace_SecondWeb1] INFO  o.eclipse.m2e.core.internal.Bundles - 	Entry: C:\Users\neral\.p2\pool\plugins\org.eclipse.m2e.maven.runtime_3.9.400.20230826-0755\jars\plexus-classworlds-2.7.0.jar
2023-10-24 18:52:50,181 [Worker-54: Launching Executing install in C__Users_Neral_eclipse-workspace2_eclipse-workspace_SecondWeb1] INFO  o.eclipse.m2e.core.internal.Bundles - 	Entry: C:\Users\neral\.p2\pool\plugins\org.eclipse.m2e.maven.runtime_3.9.400.20230826-0755\jars\plexus-component-annotations-2.1.0.jar
2023-10-24 18:52:50,181 [Worker-54: Launching Executing install in C__Users_Neral_eclipse-workspace2_eclipse-workspace_SecondWeb1] INFO  o.eclipse.m2e.core.internal.Bundles - 	Entry: C:\Users\neral\.p2\pool\plugins\org.eclipse.m2e.maven.runtime_3.9.400.20230826-0755\jars\plexus-interpolation-1.26.jar
2023-10-24 18:52:50,182 [Worker-54: Launching Executing install in C__Users_Neral_eclipse-workspace2_eclipse-workspace_SecondWeb1] INFO  o.eclipse.m2e.core.internal.Bundles - 	Entry: C:\Users\neral\.p2\pool\plugins\org.eclipse.m2e.maven.runtime_3.9.400.20230826-0755\jars\plexus-sec-dispatcher-2.0.jar
2023-10-24 18:52:50,182 [Worker-54: Launching Executing install in C__Users_Neral_eclipse-workspace2_eclipse-workspace_SecondWeb1] INFO  o.eclipse.m2e.core.internal.Bundles - 	Entry: C:\Users\neral\.p2\pool\plugins\org.eclipse.m2e.maven.runtime_3.9.400.20230826-0755\jars\plexus-utils-3.5.1.jar
2023-10-24 18:52:50,182 [Worker-54: Launching Executing install in C__Users_Neral_eclipse-workspace2_eclipse-workspace_SecondWeb1] INFO  o.eclipse.m2e.core.internal.Bundles - 	Entry: C:\Users\neral\.p2\pool\plugins\org.eclipse.m2e.maven.runtime_3.9.400.20230826-0755\jars\wagon-file-3.5.3.jar
2023-10-24 18:52:50,182 [Worker-54: Launching Executing install in C__Users_Neral_eclipse-workspace2_eclipse-workspace_SecondWeb1] INFO  o.eclipse.m2e.core.internal.Bundles - 	Entry: C:\Users\neral\.p2\pool\plugins\org.eclipse.m2e.maven.runtime_3.9.400.20230826-0755\jars\wagon-provider-api-3.5.3.jar
2023-10-24 18:52:50,182 [Worker-54: Launching Executing install in C__Users_Neral_eclipse-workspace2_eclipse-workspace_SecondWeb1] INFO  o.eclipse.m2e.core.internal.Bundles - getClasspathEntries(Bundle=com.google.guava_32.1.2.jre [12])
2023-10-24 18:52:50,182 [Worker-54: Launching Executing install in C__Users_Neral_eclipse-workspace2_eclipse-workspace_SecondWeb1] INFO  o.eclipse.m2e.core.internal.Bundles - 	Entry: C:\Users\Neral\.p2\pool\plugins\com.google.guava_32.1.2.jre.jar
2023-10-24 18:52:50,182 [Worker-54: Launching Executing install in C__Users_Neral_eclipse-workspace2_eclipse-workspace_SecondWeb1] INFO  o.eclipse.m2e.core.internal.Bundles - getClasspathEntries(Bundle=slf4j.api_2.0.9 [982])
2023-10-24 18:52:50,182 [Worker-54: Launching Executing install in C__Users_Neral_eclipse-workspace2_eclipse-workspace_SecondWeb1] INFO  o.eclipse.m2e.core.internal.Bundles - 	Entry: C:\Users\Neral\.p2\pool\plugins\slf4j.api_2.0.9.jar
2023-10-24 18:52:50,182 [Worker-54: Launching Executing install in C__Users_Neral_eclipse-workspace2_eclipse-workspace_SecondWeb1] INFO  o.eclipse.m2e.core.internal.Bundles - getClasspathEntries(Bundle=javax.inject_1.0.0.v20220405-0441 [38])
2023-10-24 18:52:50,183 [Worker-54: Launching Executing install in C__Users_Neral_eclipse-workspace2_eclipse-workspace_SecondWeb1] INFO  o.eclipse.m2e.core.internal.Bundles - 	Entry: C:\Users\Neral\.p2\pool\plugins\javax.inject_1.0.0.v20220405-0441.jar
2023-10-24 18:52:50,183 [Worker-54: Launching Executing install in C__Users_Neral_eclipse-workspace2_eclipse-workspace_SecondWeb1] INFO  o.eclipse.m2e.core.internal.Bundles - getClasspathEntries(Bundle=javax.annotation_1.3.5.v20200909-1856 [36])
2023-10-24 18:52:50,183 [Worker-54: Launching Executing install in C__Users_Neral_eclipse-workspace2_eclipse-workspace_SecondWeb1] INFO  o.eclipse.m2e.core.internal.Bundles - 	Entry: C:\Users\Neral\.p2\pool\plugins\javax.annotation_1.3.5.v20200909-1856.jar
2023-10-24 18:52:50,183 [Worker-54: Launching Executing install in C__Users_Neral_eclipse-workspace2_eclipse-workspace_SecondWeb1] INFO  o.eclipse.m2e.core.internal.Bundles - getClasspathEntries(Bundle=org.apache.commons.cli_1.5.0 [73])
2023-10-24 18:52:50,183 [Worker-54: Launching Executing install in C__Users_Neral_eclipse-workspace2_eclipse-workspace_SecondWeb1] INFO  o.eclipse.m2e.core.internal.Bundles - 	Entry: C:\Users\Neral\.p2\pool\plugins\org.apache.commons.cli_1.5.0.jar
2023-10-24 18:52:50,183 [Worker-54: Launching Executing install in C__Users_Neral_eclipse-workspace2_eclipse-workspace_SecondWeb1] INFO  o.eclipse.m2e.core.internal.Bundles - getClasspathEntries(Bundle=com.google.guava.failureaccess_1.0.1 [14])
2023-10-24 18:52:50,183 [Worker-54: Launching Executing install in C__Users_Neral_eclipse-workspace2_eclipse-workspace_SecondWeb1] INFO  o.eclipse.m2e.core.internal.Bundles - 	Entry: C:\Users\Neral\.p2\pool\plugins\com.google.guava.failureaccess_1.0.1.jar
2023-10-24 18:52:50,184 [Worker-54: Launching Executing install in C__Users_Neral_eclipse-workspace2_eclipse-workspace_SecondWeb1] INFO  o.e.m.i.launch.MavenLaunchDelegate - Run build in "C:\Users\Neral\eclipse-workspace2\eclipse-workspace\SecondWeb1":
2023-10-24 18:52:50,185 [Worker-54: Launching Executing install in C__Users_Neral_eclipse-workspace2_eclipse-workspace_SecondWeb1] INFO  o.e.m.i.launch.MavenLaunchDelegate -  mvn  -B -Dstyle.color=always install
2023-10-24 21:20:31,593 [Worker-73: Launching mavenrun-821e9661-6be8-491b-8bfb-c48d3efe856c] INFO  o.eclipse.m2e.core.internal.Bundles - getClasspathEntries(Bundle=org.eclipse.m2e.maven.runtime_3.9.400.20230826-0755 [621])
2023-10-24 21:20:31,594 [Worker-73: Launching mavenrun-821e9661-6be8-491b-8bfb-c48d3efe856c] INFO  o.eclipse.m2e.core.internal.Bundles - 	Entry: C:\Users\Neral\.p2\pool\plugins\org.eclipse.m2e.maven.runtime_3.9.400.20230826-0755
2023-10-24 21:20:31,594 [Worker-73: Launching mavenrun-821e9661-6be8-491b-8bfb-c48d3efe856c] INFO  o.eclipse.m2e.core.internal.Bundles - 	Entry: C:\Users\neral\.p2\pool\plugins\org.eclipse.m2e.maven.runtime_3.9.400.20230826-0755\jars\aether-connector-okhttp-0.17.8.jar
2023-10-24 21:20:31,595 [Worker-73: Launching mavenrun-821e9661-6be8-491b-8bfb-c48d3efe856c] INFO  o.eclipse.m2e.core.internal.Bundles - 	Entry: C:\Users\neral\.p2\pool\plugins\org.eclipse.m2e.maven.runtime_3.9.400.20230826-0755\jars\aopalliance-1.0.jar
2023-10-24 21:20:31,595 [Worker-73: Launching mavenrun-821e9661-6be8-491b-8bfb-c48d3efe856c] INFO  o.eclipse.m2e.core.internal.Bundles - 	Entry: C:\Users\neral\.p2\pool\plugins\org.eclipse.m2e.maven.runtime_3.9.400.20230826-0755\jars\commons-lang3-3.12.0.jar
2023-10-24 21:20:31,596 [Worker-73: Launching mavenrun-821e9661-6be8-491b-8bfb-c48d3efe856c] INFO  o.eclipse.m2e.core.internal.Bundles - 	Entry: C:\Users\neral\.p2\pool\plugins\org.eclipse.m2e.maven.runtime_3.9.400.20230826-0755\jars\guice-5.1.0.jar
2023-10-24 21:20:31,596 [Worker-73: Launching mavenrun-821e9661-6be8-491b-8bfb-c48d3efe856c] INFO  o.eclipse.m2e.core.internal.Bundles - 	Entry: C:\Users\neral\.p2\pool\plugins\org.eclipse.m2e.maven.runtime_3.9.400.20230826-0755\jars\jansi-2.4.0.jar
2023-10-24 21:20:31,597 [Worker-73: Launching mavenrun-821e9661-6be8-491b-8bfb-c48d3efe856c] INFO  o.eclipse.m2e.core.internal.Bundles - 	Entry: C:\Users\neral\.p2\pool\plugins\org.eclipse.m2e.maven.runtime_3.9.400.20230826-0755\jars\maven-artifact-3.9.4.jar
2023-10-24 21:20:31,597 [Worker-73: Launching mavenrun-821e9661-6be8-491b-8bfb-c48d3efe856c] INFO  o.eclipse.m2e.core.internal.Bundles - 	Entry: C:\Users\neral\.p2\pool\plugins\org.eclipse.m2e.maven.runtime_3.9.400.20230826-0755\jars\maven-builder-support-3.9.4.jar
2023-10-24 21:20:31,597 [Worker-73: Launching mavenrun-821e9661-6be8-491b-8bfb-c48d3efe856c] INFO  o.eclipse.m2e.core.internal.Bundles - 	Entry: C:\Users\neral\.p2\pool\plugins\org.eclipse.m2e.maven.runtime_3.9.400.20230826-0755\jars\maven-compat-3.9.4.jar
2023-10-24 21:20:31,597 [Worker-73: Launching mavenrun-821e9661-6be8-491b-8bfb-c48d3efe856c] INFO  o.eclipse.m2e.core.internal.Bundles - 	Entry: C:\Users\neral\.p2\pool\plugins\org.eclipse.m2e.maven.runtime_3.9.400.20230826-0755\jars\maven-core-3.9.4.jar
2023-10-24 21:20:31,597 [Worker-73: Launching mavenrun-821e9661-6be8-491b-8bfb-c48d3efe856c] INFO  o.eclipse.m2e.core.internal.Bundles - 	Entry: C:\Users\neral\.p2\pool\plugins\org.eclipse.m2e.maven.runtime_3.9.400.20230826-0755\jars\maven-embedder-3.9.4.jar
2023-10-24 21:20:31,597 [Worker-73: Launching mavenrun-821e9661-6be8-491b-8bfb-c48d3efe856c] INFO  o.eclipse.m2e.core.internal.Bundles - 	Entry: C:\Users\neral\.p2\pool\plugins\org.eclipse.m2e.maven.runtime_3.9.400.20230826-0755\jars\maven-model-3.9.4.jar
2023-10-24 21:20:31,597 [Worker-73: Launching mavenrun-821e9661-6be8-491b-8bfb-c48d3efe856c] INFO  o.eclipse.m2e.core.internal.Bundles - 	Entry: C:\Users\neral\.p2\pool\plugins\org.eclipse.m2e.maven.runtime_3.9.400.20230826-0755\jars\maven-model-builder-3.9.4.jar
2023-10-24 21:20:31,598 [Worker-73: Launching mavenrun-821e9661-6be8-491b-8bfb-c48d3efe856c] INFO  o.eclipse.m2e.core.internal.Bundles - 	Entry: C:\Users\neral\.p2\pool\plugins\org.eclipse.m2e.maven.runtime_3.9.400.20230826-0755\jars\maven-plugin-api-3.9.4.jar
2023-10-24 21:20:31,598 [Worker-73: Launching mavenrun-821e9661-6be8-491b-8bfb-c48d3efe856c] INFO  o.eclipse.m2e.core.internal.Bundles - 	Entry: C:\Users\neral\.p2\pool\plugins\org.eclipse.m2e.maven.runtime_3.9.400.20230826-0755\jars\maven-repository-metadata-3.9.4.jar
2023-10-24 21:20:31,598 [Worker-73: Launching mavenrun-821e9661-6be8-491b-8bfb-c48d3efe856c] INFO  o.eclipse.m2e.core.internal.Bundles - 	Entry: C:\Users\neral\.p2\pool\plugins\org.eclipse.m2e.maven.runtime_3.9.400.20230826-0755\jars\maven-resolver-api-1.9.14.jar
2023-10-24 21:20:31,598 [Worker-73: Launching mavenrun-821e9661-6be8-491b-8bfb-c48d3efe856c] INFO  o.eclipse.m2e.core.internal.Bundles - 	Entry: C:\Users\neral\.p2\pool\plugins\org.eclipse.m2e.maven.runtime_3.9.400.20230826-0755\jars\maven-resolver-connector-basic-1.9.14.jar
2023-10-24 21:20:31,599 [Worker-73: Launching mavenrun-821e9661-6be8-491b-8bfb-c48d3efe856c] INFO  o.eclipse.m2e.core.internal.Bundles - 	Entry: C:\Users\neral\.p2\pool\plugins\org.eclipse.m2e.maven.runtime_3.9.400.20230826-0755\jars\maven-resolver-impl-1.9.14.jar
2023-10-24 21:20:31,599 [Worker-73: Launching mavenrun-821e9661-6be8-491b-8bfb-c48d3efe856c] INFO  o.eclipse.m2e.core.internal.Bundles - 	Entry: C:\Users\neral\.p2\pool\plugins\org.eclipse.m2e.maven.runtime_3.9.400.20230826-0755\jars\maven-resolver-named-locks-1.9.14.jar
2023-10-24 21:20:31,599 [Worker-73: Launching mavenrun-821e9661-6be8-491b-8bfb-c48d3efe856c] INFO  o.eclipse.m2e.core.internal.Bundles - 	Entry: C:\Users\neral\.p2\pool\plugins\org.eclipse.m2e.maven.runtime_3.9.400.20230826-0755\jars\maven-resolver-provider-3.9.4.jar
2023-10-24 21:20:31,599 [Worker-73: Launching mavenrun-821e9661-6be8-491b-8bfb-c48d3efe856c] INFO  o.eclipse.m2e.core.internal.Bundles - 	Entry: C:\Users\neral\.p2\pool\plugins\org.eclipse.m2e.maven.runtime_3.9.400.20230826-0755\jars\maven-resolver-spi-1.9.14.jar
2023-10-24 21:20:31,599 [Worker-73: Launching mavenrun-821e9661-6be8-491b-8bfb-c48d3efe856c] INFO  o.eclipse.m2e.core.internal.Bundles - 	Entry: C:\Users\neral\.p2\pool\plugins\org.eclipse.m2e.maven.runtime_3.9.400.20230826-0755\jars\maven-resolver-transport-wagon-1.9.14.jar
2023-10-24 21:20:31,600 [Worker-73: Launching mavenrun-821e9661-6be8-491b-8bfb-c48d3efe856c] INFO  o.eclipse.m2e.core.internal.Bundles - 	Entry: C:\Users\neral\.p2\pool\plugins\org.eclipse.m2e.maven.runtime_3.9.400.20230826-0755\jars\maven-resolver-util-1.9.14.jar
2023-10-24 21:20:31,600 [Worker-73: Launching mavenrun-821e9661-6be8-491b-8bfb-c48d3efe856c] INFO  o.eclipse.m2e.core.internal.Bundles - 	Entry: C:\Users\neral\.p2\pool\plugins\org.eclipse.m2e.maven.runtime_3.9.400.20230826-0755\jars\maven-settings-3.9.4.jar
2023-10-24 21:20:31,600 [Worker-73: Launching mavenrun-821e9661-6be8-491b-8bfb-c48d3efe856c] INFO  o.eclipse.m2e.core.internal.Bundles - 	Entry: C:\Users\neral\.p2\pool\plugins\org.eclipse.m2e.maven.runtime_3.9.400.20230826-0755\jars\maven-settings-builder-3.9.4.jar
2023-10-24 21:20:31,600 [Worker-73: Launching mavenrun-821e9661-6be8-491b-8bfb-c48d3efe856c] INFO  o.eclipse.m2e.core.internal.Bundles - 	Entry: C:\Users\neral\.p2\pool\plugins\org.eclipse.m2e.maven.runtime_3.9.400.20230826-0755\jars\maven-shared-utils-3.3.4.jar
2023-10-24 21:20:31,600 [Worker-73: Launching mavenrun-821e9661-6be8-491b-8bfb-c48d3efe856c] INFO  o.eclipse.m2e.core.internal.Bundles - 	Entry: C:\Users\neral\.p2\pool\plugins\org.eclipse.m2e.maven.runtime_3.9.400.20230826-0755\jars\okhttp-3.14.1.jar
2023-10-24 21:20:31,600 [Worker-73: Launching mavenrun-821e9661-6be8-491b-8bfb-c48d3efe856c] INFO  o.eclipse.m2e.core.internal.Bundles - 	Entry: C:\Users\neral\.p2\pool\plugins\org.eclipse.m2e.maven.runtime_3.9.400.20230826-0755\jars\okio-1.17.3.jar
2023-10-24 21:20:31,601 [Worker-73: Launching mavenrun-821e9661-6be8-491b-8bfb-c48d3efe856c] INFO  o.eclipse.m2e.core.internal.Bundles - 	Entry: C:\Users\neral\.p2\pool\plugins\org.eclipse.m2e.maven.runtime_3.9.400.20230826-0755\jars\org.eclipse.sisu.inject-0.3.5.jar
2023-10-24 21:20:31,601 [Worker-73: Launching mavenrun-821e9661-6be8-491b-8bfb-c48d3efe856c] INFO  o.eclipse.m2e.core.internal.Bundles - 	Entry: C:\Users\neral\.p2\pool\plugins\org.eclipse.m2e.maven.runtime_3.9.400.20230826-0755\jars\org.eclipse.sisu.plexus-0.3.5.jar
2023-10-24 21:20:31,601 [Worker-73: Launching mavenrun-821e9661-6be8-491b-8bfb-c48d3efe856c] INFO  o.eclipse.m2e.core.internal.Bundles - 	Entry: C:\Users\neral\.p2\pool\plugins\org.eclipse.m2e.maven.runtime_3.9.400.20230826-0755\jars\plexus-build-api-0.0.7.jar
2023-10-24 21:20:31,601 [Worker-73: Launching mavenrun-821e9661-6be8-491b-8bfb-c48d3efe856c] INFO  o.eclipse.m2e.core.internal.Bundles - 	Entry: C:\Users\neral\.p2\pool\plugins\org.eclipse.m2e.maven.runtime_3.9.400.20230826-0755\jars\plexus-cipher-2.0.jar
2023-10-24 21:20:31,601 [Worker-73: Launching mavenrun-821e9661-6be8-491b-8bfb-c48d3efe856c] INFO  o.eclipse.m2e.core.internal.Bundles - 	Entry: C:\Users\neral\.p2\pool\plugins\org.eclipse.m2e.maven.runtime_3.9.400.20230826-0755\jars\plexus-classworlds-2.7.0.jar
2023-10-24 21:20:31,602 [Worker-73: Launching mavenrun-821e9661-6be8-491b-8bfb-c48d3efe856c] INFO  o.eclipse.m2e.core.internal.Bundles - 	Entry: C:\Users\neral\.p2\pool\plugins\org.eclipse.m2e.maven.runtime_3.9.400.20230826-0755\jars\plexus-component-annotations-2.1.0.jar
2023-10-24 21:20:31,602 [Worker-73: Launching mavenrun-821e9661-6be8-491b-8bfb-c48d3efe856c] INFO  o.eclipse.m2e.core.internal.Bundles - 	Entry: C:\Users\neral\.p2\pool\plugins\org.eclipse.m2e.maven.runtime_3.9.400.20230826-0755\jars\plexus-interpolation-1.26.jar
2023-10-24 21:20:31,602 [Worker-73: Launching mavenrun-821e9661-6be8-491b-8bfb-c48d3efe856c] INFO  o.eclipse.m2e.core.internal.Bundles - 	Entry: C:\Users\neral\.p2\pool\plugins\org.eclipse.m2e.maven.runtime_3.9.400.20230826-0755\jars\plexus-sec-dispatcher-2.0.jar
2023-10-24 21:20:31,602 [Worker-73: Launching mavenrun-821e9661-6be8-491b-8bfb-c48d3efe856c] INFO  o.eclipse.m2e.core.internal.Bundles - 	Entry: C:\Users\neral\.p2\pool\plugins\org.eclipse.m2e.maven.runtime_3.9.400.20230826-0755\jars\plexus-utils-3.5.1.jar
2023-10-24 21:20:31,602 [Worker-73: Launching mavenrun-821e9661-6be8-491b-8bfb-c48d3efe856c] INFO  o.eclipse.m2e.core.internal.Bundles - 	Entry: C:\Users\neral\.p2\pool\plugins\org.eclipse.m2e.maven.runtime_3.9.400.20230826-0755\jars\wagon-file-3.5.3.jar
2023-10-24 21:20:31,602 [Worker-73: Launching mavenrun-821e9661-6be8-491b-8bfb-c48d3efe856c] INFO  o.eclipse.m2e.core.internal.Bundles - 	Entry: C:\Users\neral\.p2\pool\plugins\org.eclipse.m2e.maven.runtime_3.9.400.20230826-0755\jars\wagon-provider-api-3.5.3.jar
2023-10-24 21:20:31,603 [Worker-73: Launching mavenrun-821e9661-6be8-491b-8bfb-c48d3efe856c] INFO  o.eclipse.m2e.core.internal.Bundles - getClasspathEntries(Bundle=com.google.guava_32.1.2.jre [12])
2023-10-24 21:20:31,603 [Worker-73: Launching mavenrun-821e9661-6be8-491b-8bfb-c48d3efe856c] INFO  o.eclipse.m2e.core.internal.Bundles - 	Entry: C:\Users\Neral\.p2\pool\plugins\com.google.guava_32.1.2.jre.jar
2023-10-24 21:20:31,603 [Worker-73: Launching mavenrun-821e9661-6be8-491b-8bfb-c48d3efe856c] INFO  o.eclipse.m2e.core.internal.Bundles - getClasspathEntries(Bundle=slf4j.api_2.0.9 [982])
2023-10-24 21:20:31,603 [Worker-73: Launching mavenrun-821e9661-6be8-491b-8bfb-c48d3efe856c] INFO  o.eclipse.m2e.core.internal.Bundles - 	Entry: C:\Users\Neral\.p2\pool\plugins\slf4j.api_2.0.9.jar
2023-10-24 21:20:31,603 [Worker-73: Launching mavenrun-821e9661-6be8-491b-8bfb-c48d3efe856c] INFO  o.eclipse.m2e.core.internal.Bundles - getClasspathEntries(Bundle=javax.inject_1.0.0.v20220405-0441 [38])
2023-10-24 21:20:31,604 [Worker-73: Launching mavenrun-821e9661-6be8-491b-8bfb-c48d3efe856c] INFO  o.eclipse.m2e.core.internal.Bundles - 	Entry: C:\Users\Neral\.p2\pool\plugins\javax.inject_1.0.0.v20220405-0441.jar
2023-10-24 21:20:31,604 [Worker-73: Launching mavenrun-821e9661-6be8-491b-8bfb-c48d3efe856c] INFO  o.eclipse.m2e.core.internal.Bundles - getClasspathEntries(Bundle=javax.annotation_1.3.5.v20200909-1856 [36])
2023-10-24 21:20:31,604 [Worker-73: Launching mavenrun-821e9661-6be8-491b-8bfb-c48d3efe856c] INFO  o.eclipse.m2e.core.internal.Bundles - 	Entry: C:\Users\Neral\.p2\pool\plugins\javax.annotation_1.3.5.v20200909-1856.jar
2023-10-24 21:20:31,604 [Worker-73: Launching mavenrun-821e9661-6be8-491b-8bfb-c48d3efe856c] INFO  o.eclipse.m2e.core.internal.Bundles - getClasspathEntries(Bundle=org.apache.commons.cli_1.5.0 [73])
2023-10-24 21:20:31,604 [Worker-73: Launching mavenrun-821e9661-6be8-491b-8bfb-c48d3efe856c] INFO  o.eclipse.m2e.core.internal.Bundles - 	Entry: C:\Users\Neral\.p2\pool\plugins\org.apache.commons.cli_1.5.0.jar
2023-10-24 21:20:31,604 [Worker-73: Launching mavenrun-821e9661-6be8-491b-8bfb-c48d3efe856c] INFO  o.eclipse.m2e.core.internal.Bundles - getClasspathEntries(Bundle=com.google.guava.failureaccess_1.0.1 [14])
2023-10-24 21:20:31,604 [Worker-73: Launching mavenrun-821e9661-6be8-491b-8bfb-c48d3efe856c] INFO  o.eclipse.m2e.core.internal.Bundles - 	Entry: C:\Users\Neral\.p2\pool\plugins\com.google.guava.failureaccess_1.0.1.jar
2023-10-24 21:20:31,605 [Worker-73: Launching mavenrun-821e9661-6be8-491b-8bfb-c48d3efe856c] INFO  o.e.m.i.launch.MavenLaunchDelegate - Run build in "C:\Users\Neral\AppData\Local\Temp\m2e-archetypeGenerator816773712677835777":
2023-10-24 21:20:31,605 [Worker-73: Launching mavenrun-821e9661-6be8-491b-8bfb-c48d3efe856c] INFO  o.e.m.i.launch.MavenLaunchDelegate -  mvn  -DarchetypeGroupId=org.apache.maven.archetypes -DarchetypeArtifactId=maven-archetype-webapp -DarchetypeVersion=1.0 -DgroupId=com.suchiit -DartifactId=Student -Dversion=0.0.1-SNAPSHOT -Dpackage=com.suchiit.Student -DoutputDirectory=C:\Users\Neral\eclipse-workspace2\eclipse-workspace -Dstyle.color=always -U archetype:generate
2023-10-24 21:20:38,877 [Worker-62: Creating maven-archetype-webapp] INFO  o.e.m.c.i.p.ProjectConfigurationManager - Collecting project info '/pom.xml' C:\Users\Neral\eclipse-workspace2\eclipse-workspace\Student\pom.xml
2023-10-24 21:20:38,940 [Worker-62: Creating maven-archetype-webapp] INFO  o.e.m.c.i.l.LifecycleMappingFactory - Using org.maven.ide.eclipse.wtp.WarLifecycleMapping lifecycle mapping for MavenProject: com.suchiit:Student:0.0.1-SNAPSHOT @ C:\Users\Neral\eclipse-workspace2\eclipse-workspace\Student\pom.xml.
2023-10-24 21:20:39,001 [Worker-62: Creating maven-archetype-webapp] INFO  o.e.m.j.i.AbstractJavaProjectConfigurator - Adding source folder /Student/src/main/java
2023-10-24 21:20:39,002 [Worker-62: Creating maven-archetype-webapp] INFO  o.e.m.j.i.AbstractJavaProjectConfigurator - Adding resource folder /Student/src/main/resources
2023-10-24 21:20:39,002 [Worker-62: Creating maven-archetype-webapp] INFO  o.e.m.j.i.AbstractJavaProjectConfigurator - Adding source folder /Student/src/test/java
2023-10-24 21:20:39,002 [Worker-62: Creating maven-archetype-webapp] INFO  o.e.m.j.i.AbstractJavaProjectConfigurator - Adding resource folder /Student/src/test/resources
2023-10-24 21:20:39,370 [Worker-62: Creating maven-archetype-webapp] INFO  o.e.m.c.i.p.ProjectConfigurationManager - Imported and configured 1 project(s) in 0 sec
2023-10-25 06:34:17,962 [Worker-5: Loading available Gradle versions] INFO  o.e.b.c.i.u.g.PublishedGradleVersions - Gradle version information cache is up-to-date. Trying to read.
2023-10-25 12:48:57,078 [Worker-2: Loading available Gradle versions] INFO  o.e.b.c.i.u.g.PublishedGradleVersions - Gradle version information cache is up-to-date. Trying to read.
2023-10-26 06:23:12,607 [Worker-1: Loading available Gradle versions] INFO  o.e.b.c.i.u.g.PublishedGradleVersions - Gradle version information cache is up-to-date. Trying to read.
2024-02-06 14:51:03,709 [Worker-2: Loading available Gradle versions] INFO  o.e.b.c.i.u.g.PublishedGradleVersions - Gradle version information cache is up-to-date. Trying to read.
2024-02-27 12:32:12,995 [Worker-20: Loading available Gradle versions] INFO  o.e.b.c.i.u.g.PublishedGradleVersions - Gradle version information cache is up-to-date. Trying to read.
2024-02-27 12:36:17,772 [Worker-4: Loading available Gradle versions] INFO  o.e.b.c.i.u.g.PublishedGradleVersions - Gradle version information cache is up-to-date. Trying to read.
2024-02-27 13:15:44,987 [Worker-1: Loading available Gradle versions] INFO  o.e.b.c.i.u.g.PublishedGradleVersions - Gradle version information cache is up-to-date. Trying to read.
2024-02-27 17:23:00,298 [Worker-1: Loading available Gradle versions] INFO  o.e.b.c.i.u.g.PublishedGradleVersions - Gradle version information cache is up-to-date. Trying to read.
2024-02-29 20:56:19,319 [Worker-1: Loading available Gradle versions] INFO  o.e.b.c.i.u.g.PublishedGradleVersions - Gradle version information cache is out-of-date. Trying to update.
2024-03-01 18:29:14,682 [Worker-4: Loading available Gradle versions] INFO  o.e.b.c.i.u.g.PublishedGradleVersions - Gradle version information cache is up-to-date. Trying to read.
2024-03-04 16:21:08,730 [Worker-19: Loading available Gradle versions] INFO  o.e.b.c.i.u.g.PublishedGradleVersions - Gradle version information cache is out-of-date. Trying to update.
2024-03-14 22:19:38,487 [Worker-17: Loading available Gradle versions] INFO  o.e.b.c.i.u.g.PublishedGradleVersions - Gradle version information cache is out-of-date. Trying to update.
2024-03-14 22:20:41,823 [Worker-23: Launching mavenrun-7eb8a3c0-0c06-42d0-a3fd-00604c0ae1d8] INFO  o.eclipse.m2e.core.internal.Bundles - getClasspathEntries(Bundle=org.eclipse.m2e.maven.runtime_3.9.400.20230826-0755 [621])
2024-03-14 22:20:41,832 [Worker-23: Launching mavenrun-7eb8a3c0-0c06-42d0-a3fd-00604c0ae1d8] INFO  o.eclipse.m2e.core.internal.Bundles - 	Entry: C:\Users\Neral\.p2\pool\plugins\org.eclipse.m2e.maven.runtime_3.9.400.20230826-0755
2024-03-14 22:20:41,835 [Worker-23: Launching mavenrun-7eb8a3c0-0c06-42d0-a3fd-00604c0ae1d8] INFO  o.eclipse.m2e.core.internal.Bundles - 	Entry: C:\Users\neral\.p2\pool\plugins\org.eclipse.m2e.maven.runtime_3.9.400.20230826-0755\jars\aether-connector-okhttp-0.17.8.jar
2024-03-14 22:20:41,837 [Worker-23: Launching mavenrun-7eb8a3c0-0c06-42d0-a3fd-00604c0ae1d8] INFO  o.eclipse.m2e.core.internal.Bundles - 	Entry: C:\Users\neral\.p2\pool\plugins\org.eclipse.m2e.maven.runtime_3.9.400.20230826-0755\jars\aopalliance-1.0.jar
2024-03-14 22:20:41,838 [Worker-23: Launching mavenrun-7eb8a3c0-0c06-42d0-a3fd-00604c0ae1d8] INFO  o.eclipse.m2e.core.internal.Bundles - 	Entry: C:\Users\neral\.p2\pool\plugins\org.eclipse.m2e.maven.runtime_3.9.400.20230826-0755\jars\commons-lang3-3.12.0.jar
2024-03-14 22:20:41,838 [Worker-23: Launching mavenrun-7eb8a3c0-0c06-42d0-a3fd-00604c0ae1d8] INFO  o.eclipse.m2e.core.internal.Bundles - 	Entry: C:\Users\neral\.p2\pool\plugins\org.eclipse.m2e.maven.runtime_3.9.400.20230826-0755\jars\guice-5.1.0.jar
2024-03-14 22:20:41,839 [Worker-23: Launching mavenrun-7eb8a3c0-0c06-42d0-a3fd-00604c0ae1d8] INFO  o.eclipse.m2e.core.internal.Bundles - 	Entry: C:\Users\neral\.p2\pool\plugins\org.eclipse.m2e.maven.runtime_3.9.400.20230826-0755\jars\jansi-2.4.0.jar
2024-03-14 22:20:41,839 [Worker-23: Launching mavenrun-7eb8a3c0-0c06-42d0-a3fd-00604c0ae1d8] INFO  o.eclipse.m2e.core.internal.Bundles - 	Entry: C:\Users\neral\.p2\pool\plugins\org.eclipse.m2e.maven.runtime_3.9.400.20230826-0755\jars\maven-artifact-3.9.4.jar
2024-03-14 22:20:41,839 [Worker-23: Launching mavenrun-7eb8a3c0-0c06-42d0-a3fd-00604c0ae1d8] INFO  o.eclipse.m2e.core.internal.Bundles - 	Entry: C:\Users\neral\.p2\pool\plugins\org.eclipse.m2e.maven.runtime_3.9.400.20230826-0755\jars\maven-builder-support-3.9.4.jar
2024-03-14 22:20:41,839 [Worker-23: Launching mavenrun-7eb8a3c0-0c06-42d0-a3fd-00604c0ae1d8] INFO  o.eclipse.m2e.core.internal.Bundles - 	Entry: C:\Users\neral\.p2\pool\plugins\org.eclipse.m2e.maven.runtime_3.9.400.20230826-0755\jars\maven-compat-3.9.4.jar
2024-03-14 22:20:41,839 [Worker-23: Launching mavenrun-7eb8a3c0-0c06-42d0-a3fd-00604c0ae1d8] INFO  o.eclipse.m2e.core.internal.Bundles - 	Entry: C:\Users\neral\.p2\pool\plugins\org.eclipse.m2e.maven.runtime_3.9.400.20230826-0755\jars\maven-core-3.9.4.jar
2024-03-14 22:20:41,840 [Worker-23: Launching mavenrun-7eb8a3c0-0c06-42d0-a3fd-00604c0ae1d8] INFO  o.eclipse.m2e.core.internal.Bundles - 	Entry: C:\Users\neral\.p2\pool\plugins\org.eclipse.m2e.maven.runtime_3.9.400.20230826-0755\jars\maven-embedder-3.9.4.jar
2024-03-14 22:20:41,840 [Worker-23: Launching mavenrun-7eb8a3c0-0c06-42d0-a3fd-00604c0ae1d8] INFO  o.eclipse.m2e.core.internal.Bundles - 	Entry: C:\Users\neral\.p2\pool\plugins\org.eclipse.m2e.maven.runtime_3.9.400.20230826-0755\jars\maven-model-3.9.4.jar
2024-03-14 22:20:41,840 [Worker-23: Launching mavenrun-7eb8a3c0-0c06-42d0-a3fd-00604c0ae1d8] INFO  o.eclipse.m2e.core.internal.Bundles - 	Entry: C:\Users\neral\.p2\pool\plugins\org.eclipse.m2e.maven.runtime_3.9.400.20230826-0755\jars\maven-model-builder-3.9.4.jar
2024-03-14 22:20:41,840 [Worker-23: Launching mavenrun-7eb8a3c0-0c06-42d0-a3fd-00604c0ae1d8] INFO  o.eclipse.m2e.core.internal.Bundles - 	Entry: C:\Users\neral\.p2\pool\plugins\org.eclipse.m2e.maven.runtime_3.9.400.20230826-0755\jars\maven-plugin-api-3.9.4.jar
2024-03-14 22:20:41,840 [Worker-23: Launching mavenrun-7eb8a3c0-0c06-42d0-a3fd-00604c0ae1d8] INFO  o.eclipse.m2e.core.internal.Bundles - 	Entry: C:\Users\neral\.p2\pool\plugins\org.eclipse.m2e.maven.runtime_3.9.400.20230826-0755\jars\maven-repository-metadata-3.9.4.jar
2024-03-14 22:20:41,841 [Worker-23: Launching mavenrun-7eb8a3c0-0c06-42d0-a3fd-00604c0ae1d8] INFO  o.eclipse.m2e.core.internal.Bundles - 	Entry: C:\Users\neral\.p2\pool\plugins\org.eclipse.m2e.maven.runtime_3.9.400.20230826-0755\jars\maven-resolver-api-1.9.14.jar
2024-03-14 22:20:41,841 [Worker-23: Launching mavenrun-7eb8a3c0-0c06-42d0-a3fd-00604c0ae1d8] INFO  o.eclipse.m2e.core.internal.Bundles - 	Entry: C:\Users\neral\.p2\pool\plugins\org.eclipse.m2e.maven.runtime_3.9.400.20230826-0755\jars\maven-resolver-connector-basic-1.9.14.jar
2024-03-14 22:20:41,841 [Worker-23: Launching mavenrun-7eb8a3c0-0c06-42d0-a3fd-00604c0ae1d8] INFO  o.eclipse.m2e.core.internal.Bundles - 	Entry: C:\Users\neral\.p2\pool\plugins\org.eclipse.m2e.maven.runtime_3.9.400.20230826-0755\jars\maven-resolver-impl-1.9.14.jar
2024-03-14 22:20:41,841 [Worker-23: Launching mavenrun-7eb8a3c0-0c06-42d0-a3fd-00604c0ae1d8] INFO  o.eclipse.m2e.core.internal.Bundles - 	Entry: C:\Users\neral\.p2\pool\plugins\org.eclipse.m2e.maven.runtime_3.9.400.20230826-0755\jars\maven-resolver-named-locks-1.9.14.jar
2024-03-14 22:20:41,841 [Worker-23: Launching mavenrun-7eb8a3c0-0c06-42d0-a3fd-00604c0ae1d8] INFO  o.eclipse.m2e.core.internal.Bundles - 	Entry: C:\Users\neral\.p2\pool\plugins\org.eclipse.m2e.maven.runtime_3.9.400.20230826-0755\jars\maven-resolver-provider-3.9.4.jar
2024-03-14 22:20:41,842 [Worker-23: Launching mavenrun-7eb8a3c0-0c06-42d0-a3fd-00604c0ae1d8] INFO  o.eclipse.m2e.core.internal.Bundles - 	Entry: C:\Users\neral\.p2\pool\plugins\org.eclipse.m2e.maven.runtime_3.9.400.20230826-0755\jars\maven-resolver-spi-1.9.14.jar
2024-03-14 22:20:41,842 [Worker-23: Launching mavenrun-7eb8a3c0-0c06-42d0-a3fd-00604c0ae1d8] INFO  o.eclipse.m2e.core.internal.Bundles - 	Entry: C:\Users\neral\.p2\pool\plugins\org.eclipse.m2e.maven.runtime_3.9.400.20230826-0755\jars\maven-resolver-transport-wagon-1.9.14.jar
2024-03-14 22:20:41,842 [Worker-23: Launching mavenrun-7eb8a3c0-0c06-42d0-a3fd-00604c0ae1d8] INFO  o.eclipse.m2e.core.internal.Bundles - 	Entry: C:\Users\neral\.p2\pool\plugins\org.eclipse.m2e.maven.runtime_3.9.400.20230826-0755\jars\maven-resolver-util-1.9.14.jar
2024-03-14 22:20:41,842 [Worker-23: Launching mavenrun-7eb8a3c0-0c06-42d0-a3fd-00604c0ae1d8] INFO  o.eclipse.m2e.core.internal.Bundles - 	Entry: C:\Users\neral\.p2\pool\plugins\org.eclipse.m2e.maven.runtime_3.9.400.20230826-0755\jars\maven-settings-3.9.4.jar
2024-03-14 22:20:41,842 [Worker-23: Launching mavenrun-7eb8a3c0-0c06-42d0-a3fd-00604c0ae1d8] INFO  o.eclipse.m2e.core.internal.Bundles - 	Entry: C:\Users\neral\.p2\pool\plugins\org.eclipse.m2e.maven.runtime_3.9.400.20230826-0755\jars\maven-settings-builder-3.9.4.jar
2024-03-14 22:20:41,843 [Worker-23: Launching mavenrun-7eb8a3c0-0c06-42d0-a3fd-00604c0ae1d8] INFO  o.eclipse.m2e.core.internal.Bundles - 	Entry: C:\Users\neral\.p2\pool\plugins\org.eclipse.m2e.maven.runtime_3.9.400.20230826-0755\jars\maven-shared-utils-3.3.4.jar
2024-03-14 22:20:41,843 [Worker-23: Launching mavenrun-7eb8a3c0-0c06-42d0-a3fd-00604c0ae1d8] INFO  o.eclipse.m2e.core.internal.Bundles - 	Entry: C:\Users\neral\.p2\pool\plugins\org.eclipse.m2e.maven.runtime_3.9.400.20230826-0755\jars\okhttp-3.14.1.jar
2024-03-14 22:20:41,843 [Worker-23: Launching mavenrun-7eb8a3c0-0c06-42d0-a3fd-00604c0ae1d8] INFO  o.eclipse.m2e.core.internal.Bundles - 	Entry: C:\Users\neral\.p2\pool\plugins\org.eclipse.m2e.maven.runtime_3.9.400.20230826-0755\jars\okio-1.17.3.jar
2024-03-14 22:20:41,843 [Worker-23: Launching mavenrun-7eb8a3c0-0c06-42d0-a3fd-00604c0ae1d8] INFO  o.eclipse.m2e.core.internal.Bundles - 	Entry: C:\Users\neral\.p2\pool\plugins\org.eclipse.m2e.maven.runtime_3.9.400.20230826-0755\jars\org.eclipse.sisu.inject-0.3.5.jar
2024-03-14 22:20:41,844 [Worker-23: Launching mavenrun-7eb8a3c0-0c06-42d0-a3fd-00604c0ae1d8] INFO  o.eclipse.m2e.core.internal.Bundles - 	Entry: C:\Users\neral\.p2\pool\plugins\org.eclipse.m2e.maven.runtime_3.9.400.20230826-0755\jars\org.eclipse.sisu.plexus-0.3.5.jar
2024-03-14 22:20:41,844 [Worker-23: Launching mavenrun-7eb8a3c0-0c06-42d0-a3fd-00604c0ae1d8] INFO  o.eclipse.m2e.core.internal.Bundles - 	Entry: C:\Users\neral\.p2\pool\plugins\org.eclipse.m2e.maven.runtime_3.9.400.20230826-0755\jars\plexus-build-api-0.0.7.jar
2024-03-14 22:20:41,844 [Worker-23: Launching mavenrun-7eb8a3c0-0c06-42d0-a3fd-00604c0ae1d8] INFO  o.eclipse.m2e.core.internal.Bundles - 	Entry: C:\Users\neral\.p2\pool\plugins\org.eclipse.m2e.maven.runtime_3.9.400.20230826-0755\jars\plexus-cipher-2.0.jar
2024-03-14 22:20:41,845 [Worker-23: Launching mavenrun-7eb8a3c0-0c06-42d0-a3fd-00604c0ae1d8] INFO  o.eclipse.m2e.core.internal.Bundles - 	Entry: C:\Users\neral\.p2\pool\plugins\org.eclipse.m2e.maven.runtime_3.9.400.20230826-0755\jars\plexus-classworlds-2.7.0.jar
2024-03-14 22:20:41,845 [Worker-23: Launching mavenrun-7eb8a3c0-0c06-42d0-a3fd-00604c0ae1d8] INFO  o.eclipse.m2e.core.internal.Bundles - 	Entry: C:\Users\neral\.p2\pool\plugins\org.eclipse.m2e.maven.runtime_3.9.400.20230826-0755\jars\plexus-component-annotations-2.1.0.jar
2024-03-14 22:20:41,845 [Worker-23: Launching mavenrun-7eb8a3c0-0c06-42d0-a3fd-00604c0ae1d8] INFO  o.eclipse.m2e.core.internal.Bundles - 	Entry: C:\Users\neral\.p2\pool\plugins\org.eclipse.m2e.maven.runtime_3.9.400.20230826-0755\jars\plexus-interpolation-1.26.jar
2024-03-14 22:20:41,845 [Worker-23: Launching mavenrun-7eb8a3c0-0c06-42d0-a3fd-00604c0ae1d8] INFO  o.eclipse.m2e.core.internal.Bundles - 	Entry: C:\Users\neral\.p2\pool\plugins\org.eclipse.m2e.maven.runtime_3.9.400.20230826-0755\jars\plexus-sec-dispatcher-2.0.jar
2024-03-14 22:20:41,846 [Worker-23: Launching mavenrun-7eb8a3c0-0c06-42d0-a3fd-00604c0ae1d8] INFO  o.eclipse.m2e.core.internal.Bundles - 	Entry: C:\Users\neral\.p2\pool\plugins\org.eclipse.m2e.maven.runtime_3.9.400.20230826-0755\jars\plexus-utils-3.5.1.jar
2024-03-14 22:20:41,846 [Worker-23: Launching mavenrun-7eb8a3c0-0c06-42d0-a3fd-00604c0ae1d8] INFO  o.eclipse.m2e.core.internal.Bundles - 	Entry: C:\Users\neral\.p2\pool\plugins\org.eclipse.m2e.maven.runtime_3.9.400.20230826-0755\jars\wagon-file-3.5.3.jar
2024-03-14 22:20:41,846 [Worker-23: Launching mavenrun-7eb8a3c0-0c06-42d0-a3fd-00604c0ae1d8] INFO  o.eclipse.m2e.core.internal.Bundles - 	Entry: C:\Users\neral\.p2\pool\plugins\org.eclipse.m2e.maven.runtime_3.9.400.20230826-0755\jars\wagon-provider-api-3.5.3.jar
2024-03-14 22:20:41,849 [Worker-23: Launching mavenrun-7eb8a3c0-0c06-42d0-a3fd-00604c0ae1d8] INFO  o.eclipse.m2e.core.internal.Bundles - getClasspathEntries(Bundle=com.google.guava_32.1.2.jre [12])
2024-03-14 22:20:41,849 [Worker-23: Launching mavenrun-7eb8a3c0-0c06-42d0-a3fd-00604c0ae1d8] INFO  o.eclipse.m2e.core.internal.Bundles - 	Entry: C:\Users\Neral\.p2\pool\plugins\com.google.guava_32.1.2.jre.jar
2024-03-14 22:20:41,850 [Worker-23: Launching mavenrun-7eb8a3c0-0c06-42d0-a3fd-00604c0ae1d8] INFO  o.eclipse.m2e.core.internal.Bundles - getClasspathEntries(Bundle=slf4j.api_2.0.9 [982])
2024-03-14 22:20:41,851 [Worker-23: Launching mavenrun-7eb8a3c0-0c06-42d0-a3fd-00604c0ae1d8] INFO  o.eclipse.m2e.core.internal.Bundles - 	Entry: C:\Users\Neral\.p2\pool\plugins\slf4j.api_2.0.9.jar
2024-03-14 22:20:41,851 [Worker-23: Launching mavenrun-7eb8a3c0-0c06-42d0-a3fd-00604c0ae1d8] INFO  o.eclipse.m2e.core.internal.Bundles - getClasspathEntries(Bundle=javax.inject_1.0.0.v20220405-0441 [38])
2024-03-14 22:20:41,851 [Worker-23: Launching mavenrun-7eb8a3c0-0c06-42d0-a3fd-00604c0ae1d8] INFO  o.eclipse.m2e.core.internal.Bundles - 	Entry: C:\Users\Neral\.p2\pool\plugins\javax.inject_1.0.0.v20220405-0441.jar
2024-03-14 22:20:41,851 [Worker-23: Launching mavenrun-7eb8a3c0-0c06-42d0-a3fd-00604c0ae1d8] INFO  o.eclipse.m2e.core.internal.Bundles - getClasspathEntries(Bundle=javax.annotation_1.3.5.v20230504-0748 [1035])
2024-03-14 22:20:41,852 [Worker-23: Launching mavenrun-7eb8a3c0-0c06-42d0-a3fd-00604c0ae1d8] INFO  o.eclipse.m2e.core.internal.Bundles - 	Entry: C:\Users\Neral\.p2\pool\plugins\javax.annotation_1.3.5.v20230504-0748.jar
2024-03-14 22:20:41,853 [Worker-23: Launching mavenrun-7eb8a3c0-0c06-42d0-a3fd-00604c0ae1d8] INFO  o.eclipse.m2e.core.internal.Bundles - getClasspathEntries(Bundle=org.apache.commons.cli_1.5.0 [73])
2024-03-14 22:20:41,855 [Worker-23: Launching mavenrun-7eb8a3c0-0c06-42d0-a3fd-00604c0ae1d8] INFO  o.eclipse.m2e.core.internal.Bundles - 	Entry: C:\Users\Neral\.p2\pool\plugins\org.apache.commons.cli_1.5.0.jar
2024-03-14 22:20:41,856 [Worker-23: Launching mavenrun-7eb8a3c0-0c06-42d0-a3fd-00604c0ae1d8] INFO  o.eclipse.m2e.core.internal.Bundles - getClasspathEntries(Bundle=com.google.guava.failureaccess_1.0.1 [14])
2024-03-14 22:20:41,856 [Worker-23: Launching mavenrun-7eb8a3c0-0c06-42d0-a3fd-00604c0ae1d8] INFO  o.eclipse.m2e.core.internal.Bundles - 	Entry: C:\Users\Neral\.p2\pool\plugins\com.google.guava.failureaccess_1.0.1.jar
2024-03-14 22:20:41,861 [Worker-23: Launching mavenrun-7eb8a3c0-0c06-42d0-a3fd-00604c0ae1d8] INFO  o.e.m.i.launch.MavenLaunchDelegate - Run build in "C:\Users\Neral\AppData\Local\Temp\m2e-archetypeGenerator17996501041148478206":
2024-03-14 22:20:41,866 [Worker-23: Launching mavenrun-7eb8a3c0-0c06-42d0-a3fd-00604c0ae1d8] INFO  o.e.m.i.launch.MavenLaunchDelegate -  mvn  -DarchetypeGroupId=org.apache.maven.archetypes -DarchetypeArtifactId=maven-archetype-quickstart -DarchetypeVersion=1.1 -DgroupId=com.suchiit -DartifactId=Junit6 -Dversion=0.0.1-SNAPSHOT -Dpackage=com.suchiit.Junit6 -DoutputDirectory=C:\Users\Neral\eclipse-workspace2\eclipse-workspace -Dstyle.color=always -U archetype:generate
2024-03-14 22:20:59,208 [Worker-10: Creating maven-archetype-quickstart] INFO  o.e.m.c.i.p.ProjectConfigurationManager - Collecting project info '/pom.xml' C:\Users\Neral\eclipse-workspace2\eclipse-workspace\Junit6\pom.xml
2024-03-14 22:21:00,580 [Worker-10: Creating maven-archetype-quickstart] INFO  o.e.m.c.i.l.LifecycleMappingFactory - Using org.eclipse.m2e.jdt.JarLifecycleMapping lifecycle mapping for MavenProject: com.suchiit:Junit6:0.0.1-SNAPSHOT @ C:\Users\Neral\eclipse-workspace2\eclipse-workspace\Junit6\pom.xml.
2024-03-14 22:21:01,377 [Worker-10: Creating maven-archetype-quickstart] INFO  o.e.m.j.i.AbstractJavaProjectConfigurator - Adding source folder /Junit6/src/main/java
2024-03-14 22:21:01,377 [Worker-10: Creating maven-archetype-quickstart] INFO  o.e.m.j.i.AbstractJavaProjectConfigurator - Adding resource folder /Junit6/src/main/resources
2024-03-14 22:21:01,383 [Worker-10: Creating maven-archetype-quickstart] INFO  o.e.m.j.i.AbstractJavaProjectConfigurator - Adding source folder /Junit6/src/test/java
2024-03-14 22:21:01,383 [Worker-10: Creating maven-archetype-quickstart] INFO  o.e.m.j.i.AbstractJavaProjectConfigurator - Adding resource folder /Junit6/src/test/resources
2024-03-14 22:21:01,745 [Worker-10: Creating maven-archetype-quickstart] INFO  o.a.m.s.f.DefaultMavenResourcesFiltering - skip non existing resourceDirectory C:\Users\Neral\eclipse-workspace2\eclipse-workspace\Junit6\src\main\resources
2024-03-14 22:21:01,751 [Worker-10: Creating maven-archetype-quickstart] INFO  o.a.m.s.f.DefaultMavenResourcesFiltering - skip non existing resourceDirectory C:\Users\Neral\eclipse-workspace2\eclipse-workspace\Junit6\src\test\resources
2024-03-14 22:21:02,168 [Worker-10: Creating maven-archetype-quickstart] INFO  o.e.m.c.i.p.ProjectConfigurationManager - Imported and configured 1 project(s) in 2 sec
2024-03-14 22:31:34,144 [Worker-27: Launching CaclTest] INFO  o.e.m.c.i.l.LifecycleMappingFactory - Using org.eclipse.m2e.jdt.JarLifecycleMapping lifecycle mapping for MavenProject: com.suchiit:Junit6:0.0.1-SNAPSHOT @ C:\Users\Neral\eclipse-workspace2\eclipse-workspace\Junit6\pom.xml.
2024-03-14 22:31:34,850 [Worker-27: Launching CaclTest] INFO  o.a.m.s.f.DefaultMavenResourcesFiltering - skip non existing resourceDirectory C:\Users\Neral\eclipse-workspace2\eclipse-workspace\Junit6\src\main\resources
2024-03-14 22:31:34,856 [Worker-27: Launching CaclTest] INFO  o.a.m.s.f.DefaultMavenResourcesFiltering - skip non existing resourceDirectory C:\Users\Neral\eclipse-workspace2\eclipse-workspace\Junit6\src\test\resources
2024-03-14 22:36:07,649 [Worker-39: Launching CaclTest] INFO  o.a.m.s.f.DefaultMavenResourcesFiltering - skip non existing resourceDirectory C:\Users\Neral\eclipse-workspace2\eclipse-workspace\Junit6\src\main\resources
2024-03-14 22:36:07,652 [Worker-39: Launching CaclTest] INFO  o.a.m.s.f.DefaultMavenResourcesFiltering - skip non existing resourceDirectory C:\Users\Neral\eclipse-workspace2\eclipse-workspace\Junit6\src\test\resources
2024-03-14 22:38:19,327 [Worker-39: Launching CaclTest] INFO  o.a.m.s.f.DefaultMavenResourcesFiltering - skip non existing resourceDirectory C:\Users\Neral\eclipse-workspace2\eclipse-workspace\Junit6\src\main\resources
2024-03-14 22:38:19,330 [Worker-39: Launching CaclTest] INFO  o.a.m.s.f.DefaultMavenResourcesFiltering - skip non existing resourceDirectory C:\Users\Neral\eclipse-workspace2\eclipse-workspace\Junit6\src\test\resources
2024-03-15 09:05:54,015 [Worker-54: Launching Executing test in C__Users_Neral_eclipse-workspace2_eclipse-workspace_Junit6] INFO  o.eclipse.m2e.core.internal.Bundles - getClasspathEntries(Bundle=org.eclipse.m2e.maven.runtime_3.9.400.20230826-0755 [621])
2024-03-15 09:05:54,016 [Worker-54: Launching Executing test in C__Users_Neral_eclipse-workspace2_eclipse-workspace_Junit6] INFO  o.eclipse.m2e.core.internal.Bundles - 	Entry: C:\Users\Neral\.p2\pool\plugins\org.eclipse.m2e.maven.runtime_3.9.400.20230826-0755
2024-03-15 09:05:54,016 [Worker-54: Launching Executing test in C__Users_Neral_eclipse-workspace2_eclipse-workspace_Junit6] INFO  o.eclipse.m2e.core.internal.Bundles - 	Entry: C:\Users\neral\.p2\pool\plugins\org.eclipse.m2e.maven.runtime_3.9.400.20230826-0755\jars\aether-connector-okhttp-0.17.8.jar
2024-03-15 09:05:54,016 [Worker-54: Launching Executing test in C__Users_Neral_eclipse-workspace2_eclipse-workspace_Junit6] INFO  o.eclipse.m2e.core.internal.Bundles - 	Entry: C:\Users\neral\.p2\pool\plugins\org.eclipse.m2e.maven.runtime_3.9.400.20230826-0755\jars\aopalliance-1.0.jar
2024-03-15 09:05:54,016 [Worker-54: Launching Executing test in C__Users_Neral_eclipse-workspace2_eclipse-workspace_Junit6] INFO  o.eclipse.m2e.core.internal.Bundles - 	Entry: C:\Users\neral\.p2\pool\plugins\org.eclipse.m2e.maven.runtime_3.9.400.20230826-0755\jars\commons-lang3-3.12.0.jar
2024-03-15 09:05:54,016 [Worker-54: Launching Executing test in C__Users_Neral_eclipse-workspace2_eclipse-workspace_Junit6] INFO  o.eclipse.m2e.core.internal.Bundles - 	Entry: C:\Users\neral\.p2\pool\plugins\org.eclipse.m2e.maven.runtime_3.9.400.20230826-0755\jars\guice-5.1.0.jar
2024-03-15 09:05:54,017 [Worker-54: Launching Executing test in C__Users_Neral_eclipse-workspace2_eclipse-workspace_Junit6] INFO  o.eclipse.m2e.core.internal.Bundles - 	Entry: C:\Users\neral\.p2\pool\plugins\org.eclipse.m2e.maven.runtime_3.9.400.20230826-0755\jars\jansi-2.4.0.jar
2024-03-15 09:05:54,017 [Worker-54: Launching Executing test in C__Users_Neral_eclipse-workspace2_eclipse-workspace_Junit6] INFO  o.eclipse.m2e.core.internal.Bundles - 	Entry: C:\Users\neral\.p2\pool\plugins\org.eclipse.m2e.maven.runtime_3.9.400.20230826-0755\jars\maven-artifact-3.9.4.jar
2024-03-15 09:05:54,017 [Worker-54: Launching Executing test in C__Users_Neral_eclipse-workspace2_eclipse-workspace_Junit6] INFO  o.eclipse.m2e.core.internal.Bundles - 	Entry: C:\Users\neral\.p2\pool\plugins\org.eclipse.m2e.maven.runtime_3.9.400.20230826-0755\jars\maven-builder-support-3.9.4.jar
2024-03-15 09:05:54,017 [Worker-54: Launching Executing test in C__Users_Neral_eclipse-workspace2_eclipse-workspace_Junit6] INFO  o.eclipse.m2e.core.internal.Bundles - 	Entry: C:\Users\neral\.p2\pool\plugins\org.eclipse.m2e.maven.runtime_3.9.400.20230826-0755\jars\maven-compat-3.9.4.jar
2024-03-15 09:05:54,017 [Worker-54: Launching Executing test in C__Users_Neral_eclipse-workspace2_eclipse-workspace_Junit6] INFO  o.eclipse.m2e.core.internal.Bundles - 	Entry: C:\Users\neral\.p2\pool\plugins\org.eclipse.m2e.maven.runtime_3.9.400.20230826-0755\jars\maven-core-3.9.4.jar
2024-03-15 09:05:54,017 [Worker-54: Launching Executing test in C__Users_Neral_eclipse-workspace2_eclipse-workspace_Junit6] INFO  o.eclipse.m2e.core.internal.Bundles - 	Entry: C:\Users\neral\.p2\pool\plugins\org.eclipse.m2e.maven.runtime_3.9.400.20230826-0755\jars\maven-embedder-3.9.4.jar
2024-03-15 09:05:54,017 [Worker-54: Launching Executing test in C__Users_Neral_eclipse-workspace2_eclipse-workspace_Junit6] INFO  o.eclipse.m2e.core.internal.Bundles - 	Entry: C:\Users\neral\.p2\pool\plugins\org.eclipse.m2e.maven.runtime_3.9.400.20230826-0755\jars\maven-model-3.9.4.jar
2024-03-15 09:05:54,018 [Worker-54: Launching Executing test in C__Users_Neral_eclipse-workspace2_eclipse-workspace_Junit6] INFO  o.eclipse.m2e.core.internal.Bundles - 	Entry: C:\Users\neral\.p2\pool\plugins\org.eclipse.m2e.maven.runtime_3.9.400.20230826-0755\jars\maven-model-builder-3.9.4.jar
2024-03-15 09:05:54,018 [Worker-54: Launching Executing test in C__Users_Neral_eclipse-workspace2_eclipse-workspace_Junit6] INFO  o.eclipse.m2e.core.internal.Bundles - 	Entry: C:\Users\neral\.p2\pool\plugins\org.eclipse.m2e.maven.runtime_3.9.400.20230826-0755\jars\maven-plugin-api-3.9.4.jar
2024-03-15 09:05:54,018 [Worker-54: Launching Executing test in C__Users_Neral_eclipse-workspace2_eclipse-workspace_Junit6] INFO  o.eclipse.m2e.core.internal.Bundles - 	Entry: C:\Users\neral\.p2\pool\plugins\org.eclipse.m2e.maven.runtime_3.9.400.20230826-0755\jars\maven-repository-metadata-3.9.4.jar
2024-03-15 09:05:54,018 [Worker-54: Launching Executing test in C__Users_Neral_eclipse-workspace2_eclipse-workspace_Junit6] INFO  o.eclipse.m2e.core.internal.Bundles - 	Entry: C:\Users\neral\.p2\pool\plugins\org.eclipse.m2e.maven.runtime_3.9.400.20230826-0755\jars\maven-resolver-api-1.9.14.jar
2024-03-15 09:05:54,018 [Worker-54: Launching Executing test in C__Users_Neral_eclipse-workspace2_eclipse-workspace_Junit6] INFO  o.eclipse.m2e.core.internal.Bundles - 	Entry: C:\Users\neral\.p2\pool\plugins\org.eclipse.m2e.maven.runtime_3.9.400.20230826-0755\jars\maven-resolver-connector-basic-1.9.14.jar
2024-03-15 09:05:54,018 [Worker-54: Launching Executing test in C__Users_Neral_eclipse-workspace2_eclipse-workspace_Junit6] INFO  o.eclipse.m2e.core.internal.Bundles - 	Entry: C:\Users\neral\.p2\pool\plugins\org.eclipse.m2e.maven.runtime_3.9.400.20230826-0755\jars\maven-resolver-impl-1.9.14.jar
2024-03-15 09:05:54,018 [Worker-54: Launching Executing test in C__Users_Neral_eclipse-workspace2_eclipse-workspace_Junit6] INFO  o.eclipse.m2e.core.internal.Bundles - 	Entry: C:\Users\neral\.p2\pool\plugins\org.eclipse.m2e.maven.runtime_3.9.400.20230826-0755\jars\maven-resolver-named-locks-1.9.14.jar
2024-03-15 09:05:54,019 [Worker-54: Launching Executing test in C__Users_Neral_eclipse-workspace2_eclipse-workspace_Junit6] INFO  o.eclipse.m2e.core.internal.Bundles - 	Entry: C:\Users\neral\.p2\pool\plugins\org.eclipse.m2e.maven.runtime_3.9.400.20230826-0755\jars\maven-resolver-provider-3.9.4.jar
2024-03-15 09:05:54,019 [Worker-54: Launching Executing test in C__Users_Neral_eclipse-workspace2_eclipse-workspace_Junit6] INFO  o.eclipse.m2e.core.internal.Bundles - 	Entry: C:\Users\neral\.p2\pool\plugins\org.eclipse.m2e.maven.runtime_3.9.400.20230826-0755\jars\maven-resolver-spi-1.9.14.jar
2024-03-15 09:05:54,019 [Worker-54: Launching Executing test in C__Users_Neral_eclipse-workspace2_eclipse-workspace_Junit6] INFO  o.eclipse.m2e.core.internal.Bundles - 	Entry: C:\Users\neral\.p2\pool\plugins\org.eclipse.m2e.maven.runtime_3.9.400.20230826-0755\jars\maven-resolver-transport-wagon-1.9.14.jar
2024-03-15 09:05:54,019 [Worker-54: Launching Executing test in C__Users_Neral_eclipse-workspace2_eclipse-workspace_Junit6] INFO  o.eclipse.m2e.core.internal.Bundles - 	Entry: C:\Users\neral\.p2\pool\plugins\org.eclipse.m2e.maven.runtime_3.9.400.20230826-0755\jars\maven-resolver-util-1.9.14.jar
2024-03-15 09:05:54,019 [Worker-54: Launching Executing test in C__Users_Neral_eclipse-workspace2_eclipse-workspace_Junit6] INFO  o.eclipse.m2e.core.internal.Bundles - 	Entry: C:\Users\neral\.p2\pool\plugins\org.eclipse.m2e.maven.runtime_3.9.400.20230826-0755\jars\maven-settings-3.9.4.jar
2024-03-15 09:05:54,019 [Worker-54: Launching Executing test in C__Users_Neral_eclipse-workspace2_eclipse-workspace_Junit6] INFO  o.eclipse.m2e.core.internal.Bundles - 	Entry: C:\Users\neral\.p2\pool\plugins\org.eclipse.m2e.maven.runtime_3.9.400.20230826-0755\jars\maven-settings-builder-3.9.4.jar
2024-03-15 09:05:54,019 [Worker-54: Launching Executing test in C__Users_Neral_eclipse-workspace2_eclipse-workspace_Junit6] INFO  o.eclipse.m2e.core.internal.Bundles - 	Entry: C:\Users\neral\.p2\pool\plugins\org.eclipse.m2e.maven.runtime_3.9.400.20230826-0755\jars\maven-shared-utils-3.3.4.jar
2024-03-15 09:05:54,019 [Worker-54: Launching Executing test in C__Users_Neral_eclipse-workspace2_eclipse-workspace_Junit6] INFO  o.eclipse.m2e.core.internal.Bundles - 	Entry: C:\Users\neral\.p2\pool\plugins\org.eclipse.m2e.maven.runtime_3.9.400.20230826-0755\jars\okhttp-3.14.1.jar
2024-03-15 09:05:54,020 [Worker-54: Launching Executing test in C__Users_Neral_eclipse-workspace2_eclipse-workspace_Junit6] INFO  o.eclipse.m2e.core.internal.Bundles - 	Entry: C:\Users\neral\.p2\pool\plugins\org.eclipse.m2e.maven.runtime_3.9.400.20230826-0755\jars\okio-1.17.3.jar
2024-03-15 09:05:54,020 [Worker-54: Launching Executing test in C__Users_Neral_eclipse-workspace2_eclipse-workspace_Junit6] INFO  o.eclipse.m2e.core.internal.Bundles - 	Entry: C:\Users\neral\.p2\pool\plugins\org.eclipse.m2e.maven.runtime_3.9.400.20230826-0755\jars\org.eclipse.sisu.inject-0.3.5.jar
2024-03-15 09:05:54,020 [Worker-54: Launching Executing test in C__Users_Neral_eclipse-workspace2_eclipse-workspace_Junit6] INFO  o.eclipse.m2e.core.internal.Bundles - 	Entry: C:\Users\neral\.p2\pool\plugins\org.eclipse.m2e.maven.runtime_3.9.400.20230826-0755\jars\org.eclipse.sisu.plexus-0.3.5.jar
2024-03-15 09:05:54,020 [Worker-54: Launching Executing test in C__Users_Neral_eclipse-workspace2_eclipse-workspace_Junit6] INFO  o.eclipse.m2e.core.internal.Bundles - 	Entry: C:\Users\neral\.p2\pool\plugins\org.eclipse.m2e.maven.runtime_3.9.400.20230826-0755\jars\plexus-build-api-0.0.7.jar
2024-03-15 09:05:54,020 [Worker-54: Launching Executing test in C__Users_Neral_eclipse-workspace2_eclipse-workspace_Junit6] INFO  o.eclipse.m2e.core.internal.Bundles - 	Entry: C:\Users\neral\.p2\pool\plugins\org.eclipse.m2e.maven.runtime_3.9.400.20230826-0755\jars\plexus-cipher-2.0.jar
2024-03-15 09:05:54,021 [Worker-54: Launching Executing test in C__Users_Neral_eclipse-workspace2_eclipse-workspace_Junit6] INFO  o.eclipse.m2e.core.internal.Bundles - 	Entry: C:\Users\neral\.p2\pool\plugins\org.eclipse.m2e.maven.runtime_3.9.400.20230826-0755\jars\plexus-classworlds-2.7.0.jar
2024-03-15 09:05:54,021 [Worker-54: Launching Executing test in C__Users_Neral_eclipse-workspace2_eclipse-workspace_Junit6] INFO  o.eclipse.m2e.core.internal.Bundles - 	Entry: C:\Users\neral\.p2\pool\plugins\org.eclipse.m2e.maven.runtime_3.9.400.20230826-0755\jars\plexus-component-annotations-2.1.0.jar
2024-03-15 09:05:54,021 [Worker-54: Launching Executing test in C__Users_Neral_eclipse-workspace2_eclipse-workspace_Junit6] INFO  o.eclipse.m2e.core.internal.Bundles - 	Entry: C:\Users\neral\.p2\pool\plugins\org.eclipse.m2e.maven.runtime_3.9.400.20230826-0755\jars\plexus-interpolation-1.26.jar
2024-03-15 09:05:54,022 [Worker-54: Launching Executing test in C__Users_Neral_eclipse-workspace2_eclipse-workspace_Junit6] INFO  o.eclipse.m2e.core.internal.Bundles - 	Entry: C:\Users\neral\.p2\pool\plugins\org.eclipse.m2e.maven.runtime_3.9.400.20230826-0755\jars\plexus-sec-dispatcher-2.0.jar
2024-03-15 09:05:54,022 [Worker-54: Launching Executing test in C__Users_Neral_eclipse-workspace2_eclipse-workspace_Junit6] INFO  o.eclipse.m2e.core.internal.Bundles - 	Entry: C:\Users\neral\.p2\pool\plugins\org.eclipse.m2e.maven.runtime_3.9.400.20230826-0755\jars\plexus-utils-3.5.1.jar
2024-03-15 09:05:54,022 [Worker-54: Launching Executing test in C__Users_Neral_eclipse-workspace2_eclipse-workspace_Junit6] INFO  o.eclipse.m2e.core.internal.Bundles - 	Entry: C:\Users\neral\.p2\pool\plugins\org.eclipse.m2e.maven.runtime_3.9.400.20230826-0755\jars\wagon-file-3.5.3.jar
2024-03-15 09:05:54,022 [Worker-54: Launching Executing test in C__Users_Neral_eclipse-workspace2_eclipse-workspace_Junit6] INFO  o.eclipse.m2e.core.internal.Bundles - 	Entry: C:\Users\neral\.p2\pool\plugins\org.eclipse.m2e.maven.runtime_3.9.400.20230826-0755\jars\wagon-provider-api-3.5.3.jar
2024-03-15 09:05:54,022 [Worker-54: Launching Executing test in C__Users_Neral_eclipse-workspace2_eclipse-workspace_Junit6] INFO  o.eclipse.m2e.core.internal.Bundles - getClasspathEntries(Bundle=com.google.guava_32.1.2.jre [12])
2024-03-15 09:05:54,023 [Worker-54: Launching Executing test in C__Users_Neral_eclipse-workspace2_eclipse-workspace_Junit6] INFO  o.eclipse.m2e.core.internal.Bundles - 	Entry: C:\Users\Neral\.p2\pool\plugins\com.google.guava_32.1.2.jre.jar
2024-03-15 09:05:54,023 [Worker-54: Launching Executing test in C__Users_Neral_eclipse-workspace2_eclipse-workspace_Junit6] INFO  o.eclipse.m2e.core.internal.Bundles - getClasspathEntries(Bundle=slf4j.api_2.0.9 [982])
2024-03-15 09:05:54,023 [Worker-54: Launching Executing test in C__Users_Neral_eclipse-workspace2_eclipse-workspace_Junit6] INFO  o.eclipse.m2e.core.internal.Bundles - 	Entry: C:\Users\Neral\.p2\pool\plugins\slf4j.api_2.0.9.jar
2024-03-15 09:05:54,023 [Worker-54: Launching Executing test in C__Users_Neral_eclipse-workspace2_eclipse-workspace_Junit6] INFO  o.eclipse.m2e.core.internal.Bundles - getClasspathEntries(Bundle=javax.inject_1.0.0.v20220405-0441 [38])
2024-03-15 09:05:54,023 [Worker-54: Launching Executing test in C__Users_Neral_eclipse-workspace2_eclipse-workspace_Junit6] INFO  o.eclipse.m2e.core.internal.Bundles - 	Entry: C:\Users\Neral\.p2\pool\plugins\javax.inject_1.0.0.v20220405-0441.jar
2024-03-15 09:05:54,023 [Worker-54: Launching Executing test in C__Users_Neral_eclipse-workspace2_eclipse-workspace_Junit6] INFO  o.eclipse.m2e.core.internal.Bundles - getClasspathEntries(Bundle=javax.annotation_1.3.5.v20230504-0748 [1035])
2024-03-15 09:05:54,024 [Worker-54: Launching Executing test in C__Users_Neral_eclipse-workspace2_eclipse-workspace_Junit6] INFO  o.eclipse.m2e.core.internal.Bundles - 	Entry: C:\Users\Neral\.p2\pool\plugins\javax.annotation_1.3.5.v20230504-0748.jar
2024-03-15 09:05:54,024 [Worker-54: Launching Executing test in C__Users_Neral_eclipse-workspace2_eclipse-workspace_Junit6] INFO  o.eclipse.m2e.core.internal.Bundles - getClasspathEntries(Bundle=org.apache.commons.cli_1.5.0 [73])
2024-03-15 09:05:54,024 [Worker-54: Launching Executing test in C__Users_Neral_eclipse-workspace2_eclipse-workspace_Junit6] INFO  o.eclipse.m2e.core.internal.Bundles - 	Entry: C:\Users\Neral\.p2\pool\plugins\org.apache.commons.cli_1.5.0.jar
2024-03-15 09:05:54,024 [Worker-54: Launching Executing test in C__Users_Neral_eclipse-workspace2_eclipse-workspace_Junit6] INFO  o.eclipse.m2e.core.internal.Bundles - getClasspathEntries(Bundle=com.google.guava.failureaccess_1.0.1 [14])
2024-03-15 09:05:54,024 [Worker-54: Launching Executing test in C__Users_Neral_eclipse-workspace2_eclipse-workspace_Junit6] INFO  o.eclipse.m2e.core.internal.Bundles - 	Entry: C:\Users\Neral\.p2\pool\plugins\com.google.guava.failureaccess_1.0.1.jar
2024-03-15 09:05:54,026 [Worker-54: Launching Executing test in C__Users_Neral_eclipse-workspace2_eclipse-workspace_Junit6] INFO  o.e.m.i.launch.MavenLaunchDelegate - Run build in "C:\Users\Neral\eclipse-workspace2\eclipse-workspace\Junit6":
2024-03-15 09:05:54,026 [Worker-54: Launching Executing test in C__Users_Neral_eclipse-workspace2_eclipse-workspace_Junit6] INFO  o.e.m.i.launch.MavenLaunchDelegate -  mvn  -B -Dstyle.color=always test
